Mon, 23 Mar 2015 06:16:55 GMT INFO
------------------Logging Start-------------------------
method->bucketExists args->a:1:{i:0;a:1:{s:6:"Bucket";s:18:"phpsdktestlijunwei";}}
stringToSing->
HEAD

application/xml
Mon, 23 Mar 2015 06:16:54 GMT
/phpsdktestlijunwei/
request url->s:39:"http://kss.ksyun.com/phpsdktestlijunwei";
request headers->a:3:{s:12:"Content-Type";s:15:"application/xml";s:4:"Date";s:29:"Mon, 23 Mar 2015 06:16:54 GMT";s:13:"Authorization";s:53:"KSS 1GL02rRYQxK8s7FQh8dV:Nl/4d5mjzBCwG3tbkuO6aPms78E=";}
request body->
request read stream length->
request read stream seek position->
response code->200
response headers->a:7:{s:6:"server";s:7:"Tengine";s:4:"date";s:29:"Mon, 23 Mar 2015 06:16:54 GMT";s:14:"content-length";s:1:"0";s:10:"connection";s:10:"keep-alive";s:21:"x-application-context";s:11:"application";s:16:"x-kss-request-id";s:32:"1aef75a329fe4534a078240f7185cd30";s:5:"_info";a:23:{s:3:"url";s:39:"http://kss.ksyun.com/phpsdktestlijunwei";s:12:"content_type";N;s:9:"http_code";i:200;s:11:"header_size";i:204;s:12:"request_size";i:322;s:8:"filetime";i:-1;s:17:"ssl_verify_result";i:0;s:14:"redirect_count";i:0;s:10:"total_time";d:0.40600000000000002753353101070388220250606536865234375;s:15:"namelookup_time";d:0;s:12:"connect_time";d:0.04700000000000000011102230246251565404236316680908203125;s:16:"pretransfer_time";d:0.04700000000000000011102230246251565404236316680908203125;s:11:"size_upload";d:0;s:13:"size_download";d:0;s:14:"speed_download";d:0;s:12:"speed_upload";d:0;s:23:"download_content_length";d:0;s:21:"upload_content_length";d:0;s:18:"starttransfer_time";d:0.40600000000000002753353101070388220250606536865234375;s:13:"redirect_time";d:0;s:8:"certinfo";a:0:{}s:12:"redirect_url";s:0:"";s:6:"method";s:4:"HEAD";}}
response body->
------------------Logging End-------------------------

Mon, 23 Mar 2015 06:16:55 GMT INFO
------------------Logging Start-------------------------
method->initMultipartUpload args->a:1:{i:0;a:4:{s:6:"Bucket";s:18:"phpsdktestlijunwei";s:3:"Key";s:40:"dir/test/中文目录/@特殊字符!.txt";s:8:"UserMeta";a:1:{s:15:"x-kss-meta-test";s:7:"example";}s:10:"ObjectMeta";a:5:{s:12:"Content-Type";s:17:"binay/ocet-stream";s:13:"Cache-Control";s:8:"no-cache";s:19:"Content-Disposition";s:11:"attachment;";s:16:"Content-Encoding";s:4:"gzip";s:7:"Expires";s:29:"Mon, 23 Mar 9999 05:23:22 GMT";}}}
stringToSing->
POST

binay/ocet-stream
Mon, 23 Mar 2015 06:16:55 GMT
x-kss-meta-test:example
/phpsdktestlijunwei/dir/test/%E4%B8%AD%E6%96%87%E7%9B%AE%E5%BD%95/%40%E7%89%B9%E6%AE%8A%E5%AD%97%E7%AC%A6%21.txt?uploads
request url->s:140:"http://kss.ksyun.com/phpsdktestlijunwei/dir/test/%E4%B8%AD%E6%96%87%E7%9B%AE%E5%BD%95/%40%E7%89%B9%E6%AE%8A%E5%AD%97%E7%AC%A6%21.txt?uploads";
request headers->a:8:{s:12:"Content-Type";s:17:"binay/ocet-stream";s:13:"Cache-Control";s:8:"no-cache";s:19:"Content-Disposition";s:11:"attachment;";s:16:"Content-Encoding";s:4:"gzip";s:7:"Expires";s:29:"Mon, 23 Mar 9999 05:23:22 GMT";s:15:"x-kss-meta-test";s:7:"example";s:4:"Date";s:29:"Mon, 23 Mar 2015 06:16:55 GMT";s:13:"Authorization";s:53:"KSS 1GL02rRYQxK8s7FQh8dV:60DiZZp8sDlw1Bh9ApqbCKk36w4=";}
request body->
request read stream length->
request read stream seek position->
response code->200
response headers->a:8:{s:6:"server";s:7:"Tengine";s:4:"date";s:29:"Mon, 23 Mar 2015 06:16:55 GMT";s:12:"content-type";s:15:"application/xml";s:17:"transfer-encoding";s:7:"chunked";s:10:"connection";s:10:"keep-alive";s:21:"x-application-context";s:11:"application";s:16:"x-kss-request-id";s:32:"11f3b81de582464fa64a53c84890fc09";s:5:"_info";a:23:{s:3:"url";s:140:"http://kss.ksyun.com/phpsdktestlijunwei/dir/test/%E4%B8%AD%E6%96%87%E7%9B%AE%E5%BD%95/%40%E7%89%B9%E6%AE%8A%E5%AD%97%E7%AC%A6%21.txt?uploads";s:12:"content_type";s:15:"application/xml";s:9:"http_code";i:200;s:11:"header_size";i:244;s:12:"request_size";i:694;s:8:"filetime";i:-1;s:17:"ssl_verify_result";i:0;s:14:"redirect_count";i:0;s:10:"total_time";d:0.468000000000000027089441800853819586336612701416015625;s:15:"namelookup_time";d:0;s:12:"connect_time";d:0.125;s:16:"pretransfer_time";d:0.125;s:11:"size_upload";d:0;s:13:"size_download";d:305;s:14:"speed_download";d:651;s:12:"speed_upload";d:0;s:23:"download_content_length";d:-1;s:21:"upload_content_length";d:0;s:18:"starttransfer_time";d:0.468000000000000027089441800853819586336612701416015625;s:13:"redirect_time";d:0;s:8:"certinfo";a:0:{}s:12:"redirect_url";s:0:"";s:6:"method";s:4:"POST";}}
response body-><?xml version="1.0" encoding="UTF-8" standalone="yes"?><InitiateMultipartUploadResult xmlns="http://s3.amazonaws.com/doc/2006-03-01/"><Bucket>phpsdktestlijunwei</Bucket><Key>dir/test/中文目录/@特殊字符!.txt</Key><UploadId>1304ccca29ac4ea49aa804395c568a5d</UploadId></InitiateMultipartUploadResult>
------------------Logging End-------------------------

Mon, 23 Mar 2015 06:17:32 GMT INFO
------------------Logging Start-------------------------
method->uploadPart args->a:1:{i:0;a:5:{s:6:"Bucket";s:18:"phpsdktestlijunwei";s:3:"Key";s:40:"dir/test/中文目录/@特殊字符!.txt";s:7:"Options";a:2:{s:10:"partNumber";i:1;s:8:"uploadId";s:32:"1304ccca29ac4ea49aa804395c568a5d";}s:10:"ObjectMeta";a:1:{s:14:"Content-Length";i:5242880;}s:7:"Content";a:2:{s:7:"content";s:12:"D://file.rar";s:13:"seek_position";i:0;}}}
stringToSing->
PUT

application/ocet-stream
Mon, 23 Mar 2015 06:16:55 GMT
/phpsdktestlijunwei/dir/test/%E4%B8%AD%E6%96%87%E7%9B%AE%E5%BD%95/%40%E7%89%B9%E6%AE%8A%E5%AD%97%E7%AC%A6%21.txt?partNumber=1&uploadId=1304ccca29ac4ea49aa804395c568a5d
request url->s:187:"http://kss.ksyun.com/phpsdktestlijunwei/dir/test/%E4%B8%AD%E6%96%87%E7%9B%AE%E5%BD%95/%40%E7%89%B9%E6%AE%8A%E5%AD%97%E7%AC%A6%21.txt?uploadId=1304ccca29ac4ea49aa804395c568a5d&partNumber=1";
request headers->a:4:{s:12:"Content-Type";s:23:"application/ocet-stream";s:14:"Content-Length";i:5242880;s:4:"Date";s:29:"Mon, 23 Mar 2015 06:16:55 GMT";s:13:"Authorization";s:53:"KSS 1GL02rRYQxK8s7FQh8dV:2vWhPcLSl2Ijnpc6UpLhhtdgp8M=";}
request body->
request read stream length->5242880
request read stream seek position->0
response code->200
response headers->a:8:{s:6:"server";s:7:"Tengine";s:4:"date";s:29:"Mon, 23 Mar 2015 06:17:32 GMT";s:14:"content-length";s:1:"0";s:10:"connection";s:10:"keep-alive";s:21:"x-application-context";s:11:"application";s:16:"x-kss-request-id";s:32:"94bf41a63a184c3995636f3851b65916";s:4:"etag";s:34:""4f08eef4096726bff1125e1b1b734644"";s:5:"_info";a:23:{s:3:"url";s:187:"http://kss.ksyun.com/phpsdktestlijunwei/dir/test/%E4%B8%AD%E6%96%87%E7%9B%AE%E5%BD%95/%40%E7%89%B9%E6%AE%8A%E5%AD%97%E7%AC%A6%21.txt?uploadId=1304ccca29ac4ea49aa804395c568a5d&partNumber=1";s:12:"content_type";N;s:9:"http_code";i:200;s:11:"header_size";i:271;s:12:"request_size";i:672;s:8:"filetime";i:-1;s:17:"ssl_verify_result";i:0;s:14:"redirect_count";i:0;s:10:"total_time";d:36.5979999999999989768184605054557323455810546875;s:15:"namelookup_time";d:0;s:12:"connect_time";d:0.07799999999999999988897769753748434595763683319091796875;s:16:"pretransfer_time";d:0.07799999999999999988897769753748434595763683319091796875;s:11:"size_upload";d:5242880;s:13:"size_download";d:0;s:14:"speed_download";d:0;s:12:"speed_upload";d:143255;s:23:"download_content_length";d:0;s:21:"upload_content_length";d:5242880;s:18:"starttransfer_time";d:0.8269999999999999573674358543939888477325439453125;s:13:"redirect_time";d:0;s:8:"certinfo";a:0:{}s:12:"redirect_url";s:0:"";s:6:"method";s:3:"PUT";}}
response body->
------------------Logging End-------------------------

Mon, 23 Mar 2015 06:18:04 GMT INFO
------------------Logging Start-------------------------
method->uploadPart args->a:1:{i:0;a:5:{s:6:"Bucket";s:18:"phpsdktestlijunwei";s:3:"Key";s:40:"dir/test/中文目录/@特殊字符!.txt";s:7:"Options";a:2:{s:10:"partNumber";i:2;s:8:"uploadId";s:32:"1304ccca29ac4ea49aa804395c568a5d";}s:10:"ObjectMeta";a:1:{s:14:"Content-Length";i:5242880;}s:7:"Content";a:2:{s:7:"content";s:12:"D://file.rar";s:13:"seek_position";i:5242880;}}}
stringToSing->
PUT

application/ocet-stream
Mon, 23 Mar 2015 06:17:32 GMT
/phpsdktestlijunwei/dir/test/%E4%B8%AD%E6%96%87%E7%9B%AE%E5%BD%95/%40%E7%89%B9%E6%AE%8A%E5%AD%97%E7%AC%A6%21.txt?partNumber=2&uploadId=1304ccca29ac4ea49aa804395c568a5d
request url->s:187:"http://kss.ksyun.com/phpsdktestlijunwei/dir/test/%E4%B8%AD%E6%96%87%E7%9B%AE%E5%BD%95/%40%E7%89%B9%E6%AE%8A%E5%AD%97%E7%AC%A6%21.txt?uploadId=1304ccca29ac4ea49aa804395c568a5d&partNumber=2";
request headers->a:4:{s:12:"Content-Type";s:23:"application/ocet-stream";s:14:"Content-Length";i:5242880;s:4:"Date";s:29:"Mon, 23 Mar 2015 06:17:32 GMT";s:13:"Authorization";s:53:"KSS 1GL02rRYQxK8s7FQh8dV:UuwfYZls+TpHUolvIIPJacTccfI=";}
request body->
request read stream length->5242880
request read stream seek position->5242880
response code->200
response headers->a:8:{s:6:"server";s:7:"Tengine";s:4:"date";s:29:"Mon, 23 Mar 2015 06:18:04 GMT";s:14:"content-length";s:1:"0";s:10:"connection";s:10:"keep-alive";s:21:"x-application-context";s:11:"application";s:16:"x-kss-request-id";s:32:"f817a357b0bd4eefb838dd5dec86cf39";s:4:"etag";s:34:""4f08eef4096726bff1125e1b1b734644"";s:5:"_info";a:23:{s:3:"url";s:187:"http://kss.ksyun.com/phpsdktestlijunwei/dir/test/%E4%B8%AD%E6%96%87%E7%9B%AE%E5%BD%95/%40%E7%89%B9%E6%AE%8A%E5%AD%97%E7%AC%A6%21.txt?uploadId=1304ccca29ac4ea49aa804395c568a5d&partNumber=2";s:12:"content_type";N;s:9:"http_code";i:200;s:11:"header_size";i:271;s:12:"request_size";i:672;s:8:"filetime";i:-1;s:17:"ssl_verify_result";i:0;s:14:"redirect_count";i:0;s:10:"total_time";d:31.96399999999999863575794734060764312744140625;s:15:"namelookup_time";d:0;s:12:"connect_time";d:0.1710000000000000131006316905768471769988536834716796875;s:16:"pretransfer_time";d:0.1710000000000000131006316905768471769988536834716796875;s:11:"size_upload";d:5242880;s:13:"size_download";d:0;s:14:"speed_download";d:0;s:12:"speed_upload";d:164024;s:23:"download_content_length";d:0;s:21:"upload_content_length";d:5242880;s:18:"starttransfer_time";d:0.49899999999999999911182158029987476766109466552734375;s:13:"redirect_time";d:0;s:8:"certinfo";a:0:{}s:12:"redirect_url";s:0:"";s:6:"method";s:3:"PUT";}}
response body->
------------------Logging End-------------------------

Mon, 23 Mar 2015 06:18:29 GMT INFO
------------------Logging Start-------------------------
method->uploadPart args->a:1:{i:0;a:5:{s:6:"Bucket";s:18:"phpsdktestlijunwei";s:3:"Key";s:40:"dir/test/中文目录/@特殊字符!.txt";s:7:"Options";a:2:{s:10:"partNumber";i:3;s:8:"uploadId";s:32:"1304ccca29ac4ea49aa804395c568a5d";}s:10:"ObjectMeta";a:1:{s:14:"Content-Length";i:5242880;}s:7:"Content";a:2:{s:7:"content";s:12:"D://file.rar";s:13:"seek_position";i:10485760;}}}
stringToSing->
PUT

application/ocet-stream
Mon, 23 Mar 2015 06:18:04 GMT
/phpsdktestlijunwei/dir/test/%E4%B8%AD%E6%96%87%E7%9B%AE%E5%BD%95/%40%E7%89%B9%E6%AE%8A%E5%AD%97%E7%AC%A6%21.txt?partNumber=3&uploadId=1304ccca29ac4ea49aa804395c568a5d
request url->s:187:"http://kss.ksyun.com/phpsdktestlijunwei/dir/test/%E4%B8%AD%E6%96%87%E7%9B%AE%E5%BD%95/%40%E7%89%B9%E6%AE%8A%E5%AD%97%E7%AC%A6%21.txt?uploadId=1304ccca29ac4ea49aa804395c568a5d&partNumber=3";
request headers->a:4:{s:12:"Content-Type";s:23:"application/ocet-stream";s:14:"Content-Length";i:3914240;s:4:"Date";s:29:"Mon, 23 Mar 2015 06:18:04 GMT";s:13:"Authorization";s:53:"KSS 1GL02rRYQxK8s7FQh8dV:UN2kZz2aGT4czkfcdK679TT1uD4=";}
request body->
request read stream length->3914240
request read stream seek position->10485760
response code->200
response headers->a:8:{s:6:"server";s:7:"Tengine";s:4:"date";s:29:"Mon, 23 Mar 2015 06:18:29 GMT";s:14:"content-length";s:1:"0";s:10:"connection";s:10:"keep-alive";s:21:"x-application-context";s:11:"application";s:16:"x-kss-request-id";s:32:"fdccda299fa34477b745bec262f3146a";s:4:"etag";s:34:""430635288c392730c93a3ddf8c4f5b97"";s:5:"_info";a:23:{s:3:"url";s:187:"http://kss.ksyun.com/phpsdktestlijunwei/dir/test/%E4%B8%AD%E6%96%87%E7%9B%AE%E5%BD%95/%40%E7%89%B9%E6%AE%8A%E5%AD%97%E7%AC%A6%21.txt?uploadId=1304ccca29ac4ea49aa804395c568a5d&partNumber=3";s:12:"content_type";N;s:9:"http_code";i:200;s:11:"header_size";i:271;s:12:"request_size";i:672;s:8:"filetime";i:-1;s:17:"ssl_verify_result";i:0;s:14:"redirect_count";i:0;s:10:"total_time";d:25.193999999999999062083588796667754650115966796875;s:15:"namelookup_time";d:0;s:12:"connect_time";d:0.07799999999999999988897769753748434595763683319091796875;s:16:"pretransfer_time";d:0.07799999999999999988897769753748434595763683319091796875;s:11:"size_upload";d:3914240;s:13:"size_download";d:0;s:14:"speed_download";d:0;s:12:"speed_upload";d:155363;s:23:"download_content_length";d:0;s:21:"upload_content_length";d:3914240;s:18:"starttransfer_time";d:0.3589999999999999857891452847979962825775146484375;s:13:"redirect_time";d:0;s:8:"certinfo";a:0:{}s:12:"redirect_url";s:0:"";s:6:"method";s:3:"PUT";}}
response body->
------------------Logging End-------------------------

Mon, 23 Mar 2015 06:18:29 GMT INFO
------------------Logging Start-------------------------
method->listParts args->a:1:{i:0;a:3:{s:6:"Bucket";s:18:"phpsdktestlijunwei";s:3:"Key";s:40:"dir/test/中文目录/@特殊字符!.txt";s:7:"Options";a:1:{s:8:"uploadId";s:32:"1304ccca29ac4ea49aa804395c568a5d";}}}
stringToSing->
GET

application/xml
Mon, 23 Mar 2015 06:18:29 GMT
/phpsdktestlijunwei/dir/test/%E4%B8%AD%E6%96%87%E7%9B%AE%E5%BD%95/%40%E7%89%B9%E6%AE%8A%E5%AD%97%E7%AC%A6%21.txt?uploadId=1304ccca29ac4ea49aa804395c568a5d
request url->s:174:"http://kss.ksyun.com/phpsdktestlijunwei/dir/test/%E4%B8%AD%E6%96%87%E7%9B%AE%E5%BD%95/%40%E7%89%B9%E6%AE%8A%E5%AD%97%E7%AC%A6%21.txt?uploadId=1304ccca29ac4ea49aa804395c568a5d";
request headers->a:3:{s:12:"Content-Type";s:15:"application/xml";s:4:"Date";s:29:"Mon, 23 Mar 2015 06:18:29 GMT";s:13:"Authorization";s:53:"KSS 1GL02rRYQxK8s7FQh8dV:lgMpJeWw26B+2ppr7DIcUgwvh2I=";}
request body->
request read stream length->
request read stream seek position->
response code->200
response headers->a:8:{s:6:"server";s:7:"Tengine";s:4:"date";s:29:"Mon, 23 Mar 2015 06:18:29 GMT";s:12:"content-type";s:15:"application/xml";s:17:"transfer-encoding";s:7:"chunked";s:10:"connection";s:10:"keep-alive";s:21:"x-application-context";s:11:"application";s:16:"x-kss-request-id";s:32:"339c44f3e1144257a89f5527fa34abac";s:5:"_info";a:23:{s:3:"url";s:174:"http://kss.ksyun.com/phpsdktestlijunwei/dir/test/%E4%B8%AD%E6%96%87%E7%9B%AE%E5%BD%95/%40%E7%89%B9%E6%AE%8A%E5%AD%97%E7%AC%A6%21.txt?uploadId=1304ccca29ac4ea49aa804395c568a5d";s:12:"content_type";s:15:"application/xml";s:9:"http_code";i:200;s:11:"header_size";i:244;s:12:"request_size";i:610;s:8:"filetime";i:-1;s:17:"ssl_verify_result";i:0;s:14:"redirect_count";i:0;s:10:"total_time";d:0.453000000000000013766765505351941101253032684326171875;s:15:"namelookup_time";d:0;s:12:"connect_time";d:0.11000000000000000055511151231257827021181583404541015625;s:16:"pretransfer_time";d:0.11000000000000000055511151231257827021181583404541015625;s:11:"size_upload";d:0;s:13:"size_download";d:1133;s:14:"speed_download";d:2501;s:12:"speed_upload";d:0;s:23:"download_content_length";d:-1;s:21:"upload_content_length";d:0;s:18:"starttransfer_time";d:0.453000000000000013766765505351941101253032684326171875;s:13:"redirect_time";d:0;s:8:"certinfo";a:0:{}s:12:"redirect_url";s:0:"";s:6:"method";s:3:"GET";}}
response body-><?xml version="1.0" encoding="UTF-8" standalone="yes"?><ns2:ListPartsResult xmlns:ns2="http://s3.amazonaws.com/doc/2006-03-01/"><ns2:Bucket>phpsdktestlijunwei</ns2:Bucket><ns2:Key>dir/test/中文目录/@特殊字符!.txt</ns2:Key><ns2:UploadId>1304ccca29ac4ea49aa804395c568a5d</ns2:UploadId><ns2:PartNumberMarker>1</ns2:PartNumberMarker><ns2:MaxParts>1000</ns2:MaxParts><ns2:Part><PartNumber>1</PartNumber><ETag>4f08eef4096726bff1125e1b1b734644</ETag><LastModified>2015-03-23T06:17:32.224Z</LastModified><Size>5242880</Size></ns2:Part><ns2:Part><PartNumber>2</PartNumber><ETag>4f08eef4096726bff1125e1b1b734644</ETag><LastModified>2015-03-23T06:18:04.230Z</LastModified><Size>5242880</Size></ns2:Part><ns2:Part><PartNumber>3</PartNumber><ETag>430635288c392730c93a3ddf8c4f5b97</ETag><LastModified>2015-03-23T06:18:29.336Z</LastModified><Size>3914240</Size></ns2:Part><ns2:IsTruncated>false</ns2:IsTruncated><ns2:Initiator><ns2:ID>NzMzOTg1Mjk=</ns2:ID><ns2:DisplayName>NzMzOTg1Mjk=</ns2:DisplayName></ns2:Initiator><ns2:Owner><ns2:ID>NzMzOTg1Mjk=</ns2:ID><ns2:DisplayName>NzMzOTg1Mjk=</ns2:DisplayName></ns2:Owner></ns2:ListPartsResult>
------------------Logging End-------------------------

Mon, 23 Mar 2015 06:18:30 GMT INFO
------------------Logging Start-------------------------
method->completeMultipartUpload args->a:1:{i:0;a:4:{s:6:"Bucket";s:18:"phpsdktestlijunwei";s:3:"Key";s:40:"dir/test/中文目录/@特殊字符!.txt";s:7:"Options";a:1:{s:8:"uploadId";s:32:"1304ccca29ac4ea49aa804395c568a5d";}s:5:"Parts";a:3:{i:0;a:4:{s:10:"PartNumber";s:1:"1";s:4:"ETag";s:32:"4f08eef4096726bff1125e1b1b734644";s:12:"LastModified";s:24:"2015-03-23T06:17:32.224Z";s:4:"Size";s:7:"5242880";}i:1;a:4:{s:10:"PartNumber";s:1:"2";s:4:"ETag";s:32:"4f08eef4096726bff1125e1b1b734644";s:12:"LastModified";s:24:"2015-03-23T06:18:04.230Z";s:4:"Size";s:7:"5242880";}i:2;a:4:{s:10:"PartNumber";s:1:"3";s:4:"ETag";s:32:"430635288c392730c93a3ddf8c4f5b97";s:12:"LastModified";s:24:"2015-03-23T06:18:29.336Z";s:4:"Size";s:7:"3914240";}}}}
stringToSing->
POST

application/xml
Mon, 23 Mar 2015 06:18:29 GMT
/phpsdktestlijunwei/dir/test/%E4%B8%AD%E6%96%87%E7%9B%AE%E5%BD%95/%40%E7%89%B9%E6%AE%8A%E5%AD%97%E7%AC%A6%21.txt?uploadId=1304ccca29ac4ea49aa804395c568a5d
request url->s:174:"http://kss.ksyun.com/phpsdktestlijunwei/dir/test/%E4%B8%AD%E6%96%87%E7%9B%AE%E5%BD%95/%40%E7%89%B9%E6%AE%8A%E5%AD%97%E7%AC%A6%21.txt?uploadId=1304ccca29ac4ea49aa804395c568a5d";
request headers->a:4:{s:12:"Content-Type";s:15:"application/xml";s:14:"Content-Length";i:326;s:4:"Date";s:29:"Mon, 23 Mar 2015 06:18:29 GMT";s:13:"Authorization";s:53:"KSS 1GL02rRYQxK8s7FQh8dV:IDF7tzyNy5uiRR2thOojTHLQhj8=";}
request body-><?xml version="1.0"?>
<CompleteMultipartUpload><Part><PartNumber>1</PartNumber><ETag>4f08eef4096726bff1125e1b1b734644</ETag></Part><Part><PartNumber>2</PartNumber><ETag>4f08eef4096726bff1125e1b1b734644</ETag></Part><Part><PartNumber>3</PartNumber><ETag>430635288c392730c93a3ddf8c4f5b97</ETag></Part></CompleteMultipartUpload>

request read stream length->326
request read stream seek position->
response code->200
response headers->a:9:{s:6:"server";s:7:"Tengine";s:4:"date";s:29:"Mon, 23 Mar 2015 06:18:30 GMT";s:12:"content-type";s:15:"application/xml";s:17:"transfer-encoding";s:7:"chunked";s:10:"connection";s:10:"keep-alive";s:21:"x-application-context";s:11:"application";s:16:"x-kss-request-id";s:32:"ed322287c59d4bab85626cb50492ebf9";s:7:"taskid:";s:0:"";s:5:"_info";a:23:{s:3:"url";s:174:"http://kss.ksyun.com/phpsdktestlijunwei/dir/test/%E4%B8%AD%E6%96%87%E7%9B%AE%E5%BD%95/%40%E7%89%B9%E6%AE%8A%E5%AD%97%E7%AC%A6%21.txt?uploadId=1304ccca29ac4ea49aa804395c568a5d";s:12:"content_type";s:15:"application/xml";s:9:"http_code";i:200;s:11:"header_size";i:254;s:12:"request_size";i:939;s:8:"filetime";i:-1;s:17:"ssl_verify_result";i:0;s:14:"redirect_count";i:0;s:10:"total_time";d:0.5769999999999999573674358543939888477325439453125;s:15:"namelookup_time";d:0;s:12:"connect_time";d:0.1710000000000000131006316905768471769988536834716796875;s:16:"pretransfer_time";d:0.1710000000000000131006316905768471769988536834716796875;s:11:"size_upload";d:326;s:13:"size_download";d:299;s:14:"speed_download";d:518;s:12:"speed_upload";d:564;s:23:"download_content_length";d:-1;s:21:"upload_content_length";d:326;s:18:"starttransfer_time";d:0.5769999999999999573674358543939888477325439453125;s:13:"redirect_time";d:0;s:8:"certinfo";a:0:{}s:12:"redirect_url";s:0:"";s:6:"method";s:4:"POST";}}
response body-><?xml version="1.0" encoding="UTF-8" standalone="yes"?><CompleteMultipartUploadResult xmlns="http://s3.amazonaws.com/doc/2006-03-01/"><Bucket>phpsdktestlijunwei</Bucket><Key>dir/test/中文目录/@特殊字符!.txt</Key><ETag>"b85b1cd3fe7136ff5d9838e9320bbbe0"</ETag></CompleteMultipartUploadResult>
------------------Logging End-------------------------

Mon, 23 Mar 2015 06:18:30 GMT INFO
------------------Logging Start-------------------------
method->objectExists args->a:1:{i:0;a:2:{s:6:"Bucket";s:18:"phpsdktestlijunwei";s:3:"Key";s:40:"dir/test/中文目录/@特殊字符!.txt";}}
stringToSing->
HEAD

application/xml
Mon, 23 Mar 2015 06:18:30 GMT
/phpsdktestlijunwei/dir/test/%E4%B8%AD%E6%96%87%E7%9B%AE%E5%BD%95/%40%E7%89%B9%E6%AE%8A%E5%AD%97%E7%AC%A6%21.txt
request url->s:132:"http://kss.ksyun.com/phpsdktestlijunwei/dir/test/%E4%B8%AD%E6%96%87%E7%9B%AE%E5%BD%95/%40%E7%89%B9%E6%AE%8A%E5%AD%97%E7%AC%A6%21.txt";
request headers->a:3:{s:12:"Content-Type";s:15:"application/xml";s:4:"Date";s:29:"Mon, 23 Mar 2015 06:18:30 GMT";s:13:"Authorization";s:53:"KSS 1GL02rRYQxK8s7FQh8dV:BM2YPnEFDcNaLZSF3LUD6zFSnCw=";}
request body->
request read stream length->
request read stream seek position->
response code->200
response headers->a:14:{s:6:"server";s:7:"Tengine";s:4:"date";s:29:"Mon, 23 Mar 2015 06:18:30 GMT";s:12:"content-type";s:17:"binay/ocet-stream";s:14:"content-length";s:8:"14400000";s:10:"connection";s:10:"keep-alive";s:21:"x-application-context";s:11:"application";s:16:"x-kss-request-id";s:32:"f07520ee3ee2407592ab165b51c31837";s:7:"expires";s:29:"Mon, 23 Mar 9999 05:23:22 GMT";s:19:"content-disposition";s:11:"attachment;";s:16:"content-encoding";s:4:"gzip";s:13:"cache-control";s:8:"no-cache";s:15:"x-kss-meta-test";s:7:"example";s:13:"last-modified";s:29:"Mon, 23 Mar 2015 06:16:55 GMT";s:5:"_info";a:23:{s:3:"url";s:132:"http://kss.ksyun.com/phpsdktestlijunwei/dir/test/%E4%B8%AD%E6%96%87%E7%9B%AE%E5%BD%95/%40%E7%89%B9%E6%AE%8A%E5%AD%97%E7%AC%A6%21.txt";s:12:"content_type";s:17:"binay/ocet-stream";s:9:"http_code";i:200;s:11:"header_size";i:439;s:12:"request_size";i:508;s:8:"filetime";i:1427091415;s:17:"ssl_verify_result";i:0;s:14:"redirect_count";i:0;s:10:"total_time";d:0.452000000000000012878587085651815868914127349853515625;s:15:"namelookup_time";d:0;s:12:"connect_time";d:0.125;s:16:"pretransfer_time";d:0.125;s:11:"size_upload";d:0;s:13:"size_download";d:0;s:14:"speed_download";d:0;s:12:"speed_upload";d:0;s:23:"download_content_length";d:14400000;s:21:"upload_content_length";d:0;s:18:"starttransfer_time";d:0.452000000000000012878587085651815868914127349853515625;s:13:"redirect_time";d:0;s:8:"certinfo";a:0:{}s:12:"redirect_url";s:0:"";s:6:"method";s:4:"HEAD";}}
response body->
------------------Logging End-------------------------

Mon, 23 Mar 2015 06:18:31 GMT INFO
------------------Logging Start-------------------------
method->getObjectMeta args->a:1:{i:0;a:2:{s:6:"Bucket";s:18:"phpsdktestlijunwei";s:3:"Key";s:40:"dir/test/中文目录/@特殊字符!.txt";}}
stringToSing->
HEAD

application/xml
Mon, 23 Mar 2015 06:18:30 GMT
/phpsdktestlijunwei/dir/test/%E4%B8%AD%E6%96%87%E7%9B%AE%E5%BD%95/%40%E7%89%B9%E6%AE%8A%E5%AD%97%E7%AC%A6%21.txt
request url->s:132:"http://kss.ksyun.com/phpsdktestlijunwei/dir/test/%E4%B8%AD%E6%96%87%E7%9B%AE%E5%BD%95/%40%E7%89%B9%E6%AE%8A%E5%AD%97%E7%AC%A6%21.txt";
request headers->a:3:{s:12:"Content-Type";s:15:"application/xml";s:4:"Date";s:29:"Mon, 23 Mar 2015 06:18:30 GMT";s:13:"Authorization";s:53:"KSS 1GL02rRYQxK8s7FQh8dV:BM2YPnEFDcNaLZSF3LUD6zFSnCw=";}
request body->
request read stream length->
request read stream seek position->
response code->200
response headers->a:14:{s:6:"server";s:7:"Tengine";s:4:"date";s:29:"Mon, 23 Mar 2015 06:18:31 GMT";s:12:"content-type";s:17:"binay/ocet-stream";s:14:"content-length";s:8:"14400000";s:10:"connection";s:10:"keep-alive";s:21:"x-application-context";s:11:"application";s:16:"x-kss-request-id";s:32:"3ff8d28a548b4521926e1ba7bbaf623b";s:7:"expires";s:29:"Mon, 23 Mar 9999 05:23:22 GMT";s:19:"content-disposition";s:11:"attachment;";s:16:"content-encoding";s:4:"gzip";s:13:"cache-control";s:8:"no-cache";s:15:"x-kss-meta-test";s:7:"example";s:13:"last-modified";s:29:"Mon, 23 Mar 2015 06:16:55 GMT";s:5:"_info";a:23:{s:3:"url";s:132:"http://kss.ksyun.com/phpsdktestlijunwei/dir/test/%E4%B8%AD%E6%96%87%E7%9B%AE%E5%BD%95/%40%E7%89%B9%E6%AE%8A%E5%AD%97%E7%AC%A6%21.txt";s:12:"content_type";s:17:"binay/ocet-stream";s:9:"http_code";i:200;s:11:"header_size";i:439;s:12:"request_size";i:508;s:8:"filetime";i:1427091415;s:17:"ssl_verify_result";i:0;s:14:"redirect_count";i:0;s:10:"total_time";d:0.42200000000000004174438572590588591992855072021484375;s:15:"namelookup_time";d:0;s:12:"connect_time";d:0.0940000000000000002220446049250313080847263336181640625;s:16:"pretransfer_time";d:0.0940000000000000002220446049250313080847263336181640625;s:11:"size_upload";d:0;s:13:"size_download";d:0;s:14:"speed_download";d:0;s:12:"speed_upload";d:0;s:23:"download_content_length";d:14400000;s:21:"upload_content_length";d:0;s:18:"starttransfer_time";d:0.42200000000000004174438572590588591992855072021484375;s:13:"redirect_time";d:0;s:8:"certinfo";a:0:{}s:12:"redirect_url";s:0:"";s:6:"method";s:4:"HEAD";}}
response body->
------------------Logging End-------------------------

Mon, 23 Mar 2015 06:19:22 GMT INFO
------------------Logging Start-------------------------
method->bucketExists args->a:1:{i:0;a:1:{s:6:"Bucket";s:18:"phpsdktestlijunwei";}}
stringToSing->
HEAD

application/xml
Mon, 23 Mar 2015 06:19:21 GMT
/phpsdktestlijunwei/
request url->s:39:"http://kss.ksyun.com/phpsdktestlijunwei";
request headers->a:3:{s:12:"Content-Type";s:15:"application/xml";s:4:"Date";s:29:"Mon, 23 Mar 2015 06:19:21 GMT";s:13:"Authorization";s:53:"KSS 1GL02rRYQxK8s7FQh8dV:zGx1MoUbO5zoW8zRzK5RUdfynWw=";}
request body->
request read stream length->
request read stream seek position->
response code->200
response headers->a:7:{s:6:"server";s:7:"Tengine";s:4:"date";s:29:"Mon, 23 Mar 2015 06:19:22 GMT";s:14:"content-length";s:1:"0";s:10:"connection";s:10:"keep-alive";s:21:"x-application-context";s:11:"application";s:16:"x-kss-request-id";s:32:"7f417616ff544a1e9b859b036eaaeec4";s:5:"_info";a:23:{s:3:"url";s:39:"http://kss.ksyun.com/phpsdktestlijunwei";s:12:"content_type";N;s:9:"http_code";i:200;s:11:"header_size";i:204;s:12:"request_size";i:322;s:8:"filetime";i:-1;s:17:"ssl_verify_result";i:0;s:14:"redirect_count";i:0;s:10:"total_time";d:0.39000000000000001332267629550187848508358001708984375;s:15:"namelookup_time";d:0;s:12:"connect_time";d:0.04700000000000000011102230246251565404236316680908203125;s:16:"pretransfer_time";d:0.04700000000000000011102230246251565404236316680908203125;s:11:"size_upload";d:0;s:13:"size_download";d:0;s:14:"speed_download";d:0;s:12:"speed_upload";d:0;s:23:"download_content_length";d:0;s:21:"upload_content_length";d:0;s:18:"starttransfer_time";d:0.39000000000000001332267629550187848508358001708984375;s:13:"redirect_time";d:0;s:8:"certinfo";a:0:{}s:12:"redirect_url";s:0:"";s:6:"method";s:4:"HEAD";}}
response body->
------------------Logging End-------------------------

Mon, 23 Mar 2015 06:19:22 GMT INFO
------------------Logging Start-------------------------
method->initMultipartUpload args->a:1:{i:0;a:4:{s:6:"Bucket";s:18:"phpsdktestlijunwei";s:3:"Key";s:40:"dir/test/中文目录/@特殊字符!.txt";s:8:"UserMeta";a:1:{s:15:"x-kss-meta-test";s:7:"example";}s:10:"ObjectMeta";a:5:{s:12:"Content-Type";s:17:"binay/ocet-stream";s:13:"Cache-Control";s:8:"no-cache";s:19:"Content-Disposition";s:11:"attachment;";s:16:"Content-Encoding";s:4:"gzip";s:7:"Expires";s:29:"Mon, 23 Mar 9999 05:23:22 GMT";}}}
stringToSing->
POST

binay/ocet-stream
Mon, 23 Mar 2015 06:19:22 GMT
x-kss-meta-test:example
/phpsdktestlijunwei/dir/test/%E4%B8%AD%E6%96%87%E7%9B%AE%E5%BD%95/%40%E7%89%B9%E6%AE%8A%E5%AD%97%E7%AC%A6%21.txt?uploads
request url->s:140:"http://kss.ksyun.com/phpsdktestlijunwei/dir/test/%E4%B8%AD%E6%96%87%E7%9B%AE%E5%BD%95/%40%E7%89%B9%E6%AE%8A%E5%AD%97%E7%AC%A6%21.txt?uploads";
request headers->a:8:{s:12:"Content-Type";s:17:"binay/ocet-stream";s:13:"Cache-Control";s:8:"no-cache";s:19:"Content-Disposition";s:11:"attachment;";s:16:"Content-Encoding";s:4:"gzip";s:7:"Expires";s:29:"Mon, 23 Mar 9999 05:23:22 GMT";s:15:"x-kss-meta-test";s:7:"example";s:4:"Date";s:29:"Mon, 23 Mar 2015 06:19:22 GMT";s:13:"Authorization";s:53:"KSS 1GL02rRYQxK8s7FQh8dV:CqvxURn7Q/9fgrh6bO6ysgP6cdU=";}
request body->
request read stream length->
request read stream seek position->
response code->200
response headers->a:8:{s:6:"server";s:7:"Tengine";s:4:"date";s:29:"Mon, 23 Mar 2015 06:19:22 GMT";s:12:"content-type";s:15:"application/xml";s:17:"transfer-encoding";s:7:"chunked";s:10:"connection";s:10:"keep-alive";s:21:"x-application-context";s:11:"application";s:16:"x-kss-request-id";s:32:"278b8b021de3444881ca40996d6f3259";s:5:"_info";a:23:{s:3:"url";s:140:"http://kss.ksyun.com/phpsdktestlijunwei/dir/test/%E4%B8%AD%E6%96%87%E7%9B%AE%E5%BD%95/%40%E7%89%B9%E6%AE%8A%E5%AD%97%E7%AC%A6%21.txt?uploads";s:12:"content_type";s:15:"application/xml";s:9:"http_code";i:200;s:11:"header_size";i:244;s:12:"request_size";i:694;s:8:"filetime";i:-1;s:17:"ssl_verify_result";i:0;s:14:"redirect_count";i:0;s:10:"total_time";d:0.420999999999999985345056074947933666408061981201171875;s:15:"namelookup_time";d:0;s:12:"connect_time";d:0.10899999999999999966693309261245303787291049957275390625;s:16:"pretransfer_time";d:0.10899999999999999966693309261245303787291049957275390625;s:11:"size_upload";d:0;s:13:"size_download";d:305;s:14:"speed_download";d:724;s:12:"speed_upload";d:0;s:23:"download_content_length";d:-1;s:21:"upload_content_length";d:0;s:18:"starttransfer_time";d:0.420999999999999985345056074947933666408061981201171875;s:13:"redirect_time";d:0;s:8:"certinfo";a:0:{}s:12:"redirect_url";s:0:"";s:6:"method";s:4:"POST";}}
response body-><?xml version="1.0" encoding="UTF-8" standalone="yes"?><InitiateMultipartUploadResult xmlns="http://s3.amazonaws.com/doc/2006-03-01/"><Bucket>phpsdktestlijunwei</Bucket><Key>dir/test/中文目录/@特殊字符!.txt</Key><UploadId>a82bfd9903634d91b228eed85adf0ec5</UploadId></InitiateMultipartUploadResult>
------------------Logging End-------------------------

Mon, 23 Mar 2015 06:19:58 GMT INFO
------------------Logging Start-------------------------
method->uploadPart args->a:1:{i:0;a:5:{s:6:"Bucket";s:18:"phpsdktestlijunwei";s:3:"Key";s:40:"dir/test/中文目录/@特殊字符!.txt";s:7:"Options";a:2:{s:10:"partNumber";i:1;s:8:"uploadId";s:32:"a82bfd9903634d91b228eed85adf0ec5";}s:10:"ObjectMeta";a:1:{s:14:"Content-Length";i:5242880;}s:7:"Content";a:2:{s:7:"content";s:12:"D://file.rar";s:13:"seek_position";i:0;}}}
stringToSing->
PUT

application/ocet-stream
Mon, 23 Mar 2015 06:19:22 GMT
/phpsdktestlijunwei/dir/test/%E4%B8%AD%E6%96%87%E7%9B%AE%E5%BD%95/%40%E7%89%B9%E6%AE%8A%E5%AD%97%E7%AC%A6%21.txt?partNumber=1&uploadId=a82bfd9903634d91b228eed85adf0ec5
request url->s:187:"http://kss.ksyun.com/phpsdktestlijunwei/dir/test/%E4%B8%AD%E6%96%87%E7%9B%AE%E5%BD%95/%40%E7%89%B9%E6%AE%8A%E5%AD%97%E7%AC%A6%21.txt?uploadId=a82bfd9903634d91b228eed85adf0ec5&partNumber=1";
request headers->a:4:{s:12:"Content-Type";s:23:"application/ocet-stream";s:14:"Content-Length";i:5242880;s:4:"Date";s:29:"Mon, 23 Mar 2015 06:19:22 GMT";s:13:"Authorization";s:53:"KSS 1GL02rRYQxK8s7FQh8dV:eqIzeBW0Sz/LgRoxasidYDEtsm4=";}
request body->
request read stream length->5242880
request read stream seek position->0
response code->200
response headers->a:8:{s:6:"server";s:7:"Tengine";s:4:"date";s:29:"Mon, 23 Mar 2015 06:19:58 GMT";s:14:"content-length";s:1:"0";s:10:"connection";s:10:"keep-alive";s:21:"x-application-context";s:11:"application";s:16:"x-kss-request-id";s:32:"1e8fb11474c74c0791b3fbf7a7c34e35";s:4:"etag";s:34:""4f08eef4096726bff1125e1b1b734644"";s:5:"_info";a:23:{s:3:"url";s:187:"http://kss.ksyun.com/phpsdktestlijunwei/dir/test/%E4%B8%AD%E6%96%87%E7%9B%AE%E5%BD%95/%40%E7%89%B9%E6%AE%8A%E5%AD%97%E7%AC%A6%21.txt?uploadId=a82bfd9903634d91b228eed85adf0ec5&partNumber=1";s:12:"content_type";N;s:9:"http_code";i:200;s:11:"header_size";i:271;s:12:"request_size";i:672;s:8:"filetime";i:-1;s:17:"ssl_verify_result";i:0;s:14:"redirect_count";i:0;s:10:"total_time";d:35.6460000000000007958078640513122081756591796875;s:15:"namelookup_time";d:0;s:12:"connect_time";d:0.171999999999999986233234494648058898746967315673828125;s:16:"pretransfer_time";d:0.171999999999999986233234494648058898746967315673828125;s:11:"size_upload";d:5242880;s:13:"size_download";d:0;s:14:"speed_download";d:0;s:12:"speed_upload";d:147081;s:23:"download_content_length";d:0;s:21:"upload_content_length";d:5242880;s:18:"starttransfer_time";d:0.592999999999999971578290569595992565155029296875;s:13:"redirect_time";d:0;s:8:"certinfo";a:0:{}s:12:"redirect_url";s:0:"";s:6:"method";s:3:"PUT";}}
response body->
------------------Logging End-------------------------

Mon, 23 Mar 2015 06:20:24 GMT INFO
------------------Logging Start-------------------------
method->uploadPart args->a:1:{i:0;a:5:{s:6:"Bucket";s:18:"phpsdktestlijunwei";s:3:"Key";s:40:"dir/test/中文目录/@特殊字符!.txt";s:7:"Options";a:2:{s:10:"partNumber";i:2;s:8:"uploadId";s:32:"a82bfd9903634d91b228eed85adf0ec5";}s:10:"ObjectMeta";a:1:{s:14:"Content-Length";i:5242880;}s:7:"Content";a:2:{s:7:"content";s:12:"D://file.rar";s:13:"seek_position";i:5242880;}}}
stringToSing->
PUT

application/ocet-stream
Mon, 23 Mar 2015 06:19:58 GMT
/phpsdktestlijunwei/dir/test/%E4%B8%AD%E6%96%87%E7%9B%AE%E5%BD%95/%40%E7%89%B9%E6%AE%8A%E5%AD%97%E7%AC%A6%21.txt?partNumber=2&uploadId=a82bfd9903634d91b228eed85adf0ec5
request url->s:187:"http://kss.ksyun.com/phpsdktestlijunwei/dir/test/%E4%B8%AD%E6%96%87%E7%9B%AE%E5%BD%95/%40%E7%89%B9%E6%AE%8A%E5%AD%97%E7%AC%A6%21.txt?uploadId=a82bfd9903634d91b228eed85adf0ec5&partNumber=2";
request headers->a:4:{s:12:"Content-Type";s:23:"application/ocet-stream";s:14:"Content-Length";i:5242880;s:4:"Date";s:29:"Mon, 23 Mar 2015 06:19:58 GMT";s:13:"Authorization";s:53:"KSS 1GL02rRYQxK8s7FQh8dV:xm57uKct4+KbtUpO9lR2ji3b0Pc=";}
request body->
request read stream length->5242880
request read stream seek position->5242880
response code->200
response headers->a:8:{s:6:"server";s:7:"Tengine";s:4:"date";s:29:"Mon, 23 Mar 2015 06:20:24 GMT";s:14:"content-length";s:1:"0";s:10:"connection";s:10:"keep-alive";s:21:"x-application-context";s:11:"application";s:16:"x-kss-request-id";s:32:"4fe66da1c5f1465b953918adc21b542c";s:4:"etag";s:34:""4f08eef4096726bff1125e1b1b734644"";s:5:"_info";a:23:{s:3:"url";s:187:"http://kss.ksyun.com/phpsdktestlijunwei/dir/test/%E4%B8%AD%E6%96%87%E7%9B%AE%E5%BD%95/%40%E7%89%B9%E6%AE%8A%E5%AD%97%E7%AC%A6%21.txt?uploadId=a82bfd9903634d91b228eed85adf0ec5&partNumber=2";s:12:"content_type";N;s:9:"http_code";i:200;s:11:"header_size";i:271;s:12:"request_size";i:672;s:8:"filetime";i:-1;s:17:"ssl_verify_result";i:0;s:14:"redirect_count";i:0;s:10:"total_time";d:25.881000000000000227373675443232059478759765625;s:15:"namelookup_time";d:0;s:12:"connect_time";d:0.125;s:16:"pretransfer_time";d:0.125;s:11:"size_upload";d:5242880;s:13:"size_download";d:0;s:14:"speed_download";d:0;s:12:"speed_upload";d:202576;s:23:"download_content_length";d:0;s:21:"upload_content_length";d:5242880;s:18:"starttransfer_time";d:0.40600000000000002753353101070388220250606536865234375;s:13:"redirect_time";d:0;s:8:"certinfo";a:0:{}s:12:"redirect_url";s:0:"";s:6:"method";s:3:"PUT";}}
response body->
------------------Logging End-------------------------

Mon, 23 Mar 2015 06:20:50 GMT INFO
------------------Logging Start-------------------------
method->uploadPart args->a:1:{i:0;a:5:{s:6:"Bucket";s:18:"phpsdktestlijunwei";s:3:"Key";s:40:"dir/test/中文目录/@特殊字符!.txt";s:7:"Options";a:2:{s:10:"partNumber";i:3;s:8:"uploadId";s:32:"a82bfd9903634d91b228eed85adf0ec5";}s:10:"ObjectMeta";a:1:{s:14:"Content-Length";i:5242880;}s:7:"Content";a:2:{s:7:"content";s:12:"D://file.rar";s:13:"seek_position";i:10485760;}}}
stringToSing->
PUT

application/ocet-stream
Mon, 23 Mar 2015 06:20:24 GMT
/phpsdktestlijunwei/dir/test/%E4%B8%AD%E6%96%87%E7%9B%AE%E5%BD%95/%40%E7%89%B9%E6%AE%8A%E5%AD%97%E7%AC%A6%21.txt?partNumber=3&uploadId=a82bfd9903634d91b228eed85adf0ec5
request url->s:187:"http://kss.ksyun.com/phpsdktestlijunwei/dir/test/%E4%B8%AD%E6%96%87%E7%9B%AE%E5%BD%95/%40%E7%89%B9%E6%AE%8A%E5%AD%97%E7%AC%A6%21.txt?uploadId=a82bfd9903634d91b228eed85adf0ec5&partNumber=3";
request headers->a:4:{s:12:"Content-Type";s:23:"application/ocet-stream";s:14:"Content-Length";i:3914240;s:4:"Date";s:29:"Mon, 23 Mar 2015 06:20:24 GMT";s:13:"Authorization";s:53:"KSS 1GL02rRYQxK8s7FQh8dV:3M6mF9cGU1P0K9iqhr8jOppo994=";}
request body->
request read stream length->3914240
request read stream seek position->10485760
response code->200
response headers->a:8:{s:6:"server";s:7:"Tengine";s:4:"date";s:29:"Mon, 23 Mar 2015 06:20:49 GMT";s:14:"content-length";s:1:"0";s:10:"connection";s:10:"keep-alive";s:21:"x-application-context";s:11:"application";s:16:"x-kss-request-id";s:32:"e8da7247bc1548adb2fcbe1c7eac8277";s:4:"etag";s:34:""430635288c392730c93a3ddf8c4f5b97"";s:5:"_info";a:23:{s:3:"url";s:187:"http://kss.ksyun.com/phpsdktestlijunwei/dir/test/%E4%B8%AD%E6%96%87%E7%9B%AE%E5%BD%95/%40%E7%89%B9%E6%AE%8A%E5%AD%97%E7%AC%A6%21.txt?uploadId=a82bfd9903634d91b228eed85adf0ec5&partNumber=3";s:12:"content_type";N;s:9:"http_code";i:200;s:11:"header_size";i:271;s:12:"request_size";i:672;s:8:"filetime";i:-1;s:17:"ssl_verify_result";i:0;s:14:"redirect_count";i:0;s:10:"total_time";d:25.78699999999999903366187936626374721527099609375;s:15:"namelookup_time";d:0;s:12:"connect_time";d:0.1710000000000000131006316905768471769988536834716796875;s:16:"pretransfer_time";d:0.1710000000000000131006316905768471769988536834716796875;s:11:"size_upload";d:3914240;s:13:"size_download";d:0;s:14:"speed_download";d:0;s:12:"speed_upload";d:151791;s:23:"download_content_length";d:0;s:21:"upload_content_length";d:3914240;s:18:"starttransfer_time";d:0.56100000000000005417888360170763917267322540283203125;s:13:"redirect_time";d:0;s:8:"certinfo";a:0:{}s:12:"redirect_url";s:0:"";s:6:"method";s:3:"PUT";}}
response body->
------------------Logging End-------------------------

Mon, 23 Mar 2015 06:20:50 GMT INFO
------------------Logging Start-------------------------
method->listParts args->a:1:{i:0;a:3:{s:6:"Bucket";s:18:"phpsdktestlijunwei";s:3:"Key";s:40:"dir/test/中文目录/@特殊字符!.txt";s:7:"Options";a:1:{s:8:"uploadId";s:32:"a82bfd9903634d91b228eed85adf0ec5";}}}
stringToSing->
GET

application/xml
Mon, 23 Mar 2015 06:20:50 GMT
/phpsdktestlijunwei/dir/test/%E4%B8%AD%E6%96%87%E7%9B%AE%E5%BD%95/%40%E7%89%B9%E6%AE%8A%E5%AD%97%E7%AC%A6%21.txt?uploadId=a82bfd9903634d91b228eed85adf0ec5
request url->s:174:"http://kss.ksyun.com/phpsdktestlijunwei/dir/test/%E4%B8%AD%E6%96%87%E7%9B%AE%E5%BD%95/%40%E7%89%B9%E6%AE%8A%E5%AD%97%E7%AC%A6%21.txt?uploadId=a82bfd9903634d91b228eed85adf0ec5";
request headers->a:3:{s:12:"Content-Type";s:15:"application/xml";s:4:"Date";s:29:"Mon, 23 Mar 2015 06:20:50 GMT";s:13:"Authorization";s:53:"KSS 1GL02rRYQxK8s7FQh8dV:+323KlEaAgaPqMHVJsQnf85etZg=";}
request body->
request read stream length->
request read stream seek position->
response code->200
response headers->a:8:{s:6:"server";s:7:"Tengine";s:4:"date";s:29:"Mon, 23 Mar 2015 06:20:50 GMT";s:12:"content-type";s:15:"application/xml";s:17:"transfer-encoding";s:7:"chunked";s:10:"connection";s:10:"keep-alive";s:21:"x-application-context";s:11:"application";s:16:"x-kss-request-id";s:32:"b4745ca268f543f2be38505b139bd827";s:5:"_info";a:23:{s:3:"url";s:174:"http://kss.ksyun.com/phpsdktestlijunwei/dir/test/%E4%B8%AD%E6%96%87%E7%9B%AE%E5%BD%95/%40%E7%89%B9%E6%AE%8A%E5%AD%97%E7%AC%A6%21.txt?uploadId=a82bfd9903634d91b228eed85adf0ec5";s:12:"content_type";s:15:"application/xml";s:9:"http_code";i:200;s:11:"header_size";i:244;s:12:"request_size";i:610;s:8:"filetime";i:-1;s:17:"ssl_verify_result";i:0;s:14:"redirect_count";i:0;s:10:"total_time";d:0.467999999999999971578290569595992565155029296875;s:15:"namelookup_time";d:0;s:12:"connect_time";d:0.125;s:16:"pretransfer_time";d:0.125;s:11:"size_upload";d:0;s:13:"size_download";d:1133;s:14:"speed_download";d:2420;s:12:"speed_upload";d:0;s:23:"download_content_length";d:-1;s:21:"upload_content_length";d:0;s:18:"starttransfer_time";d:0.467999999999999971578290569595992565155029296875;s:13:"redirect_time";d:0;s:8:"certinfo";a:0:{}s:12:"redirect_url";s:0:"";s:6:"method";s:3:"GET";}}
response body-><?xml version="1.0" encoding="UTF-8" standalone="yes"?><ns2:ListPartsResult xmlns:ns2="http://s3.amazonaws.com/doc/2006-03-01/"><ns2:Bucket>phpsdktestlijunwei</ns2:Bucket><ns2:Key>dir/test/中文目录/@特殊字符!.txt</ns2:Key><ns2:UploadId>a82bfd9903634d91b228eed85adf0ec5</ns2:UploadId><ns2:PartNumberMarker>1</ns2:PartNumberMarker><ns2:MaxParts>1000</ns2:MaxParts><ns2:Part><PartNumber>1</PartNumber><ETag>4f08eef4096726bff1125e1b1b734644</ETag><LastModified>2015-03-23T06:19:58.286Z</LastModified><Size>5242880</Size></ns2:Part><ns2:Part><PartNumber>2</PartNumber><ETag>4f08eef4096726bff1125e1b1b734644</ETag><LastModified>2015-03-23T06:20:24.135Z</LastModified><Size>5242880</Size></ns2:Part><ns2:Part><PartNumber>3</PartNumber><ETag>430635288c392730c93a3ddf8c4f5b97</ETag><LastModified>2015-03-23T06:20:49.953Z</LastModified><Size>3914240</Size></ns2:Part><ns2:IsTruncated>false</ns2:IsTruncated><ns2:Initiator><ns2:ID>NzMzOTg1Mjk=</ns2:ID><ns2:DisplayName>NzMzOTg1Mjk=</ns2:DisplayName></ns2:Initiator><ns2:Owner><ns2:ID>NzMzOTg1Mjk=</ns2:ID><ns2:DisplayName>NzMzOTg1Mjk=</ns2:DisplayName></ns2:Owner></ns2:ListPartsResult>
------------------Logging End-------------------------

Mon, 23 Mar 2015 06:20:51 GMT INFO
------------------Logging Start-------------------------
method->completeMultipartUpload args->a:1:{i:0;a:4:{s:6:"Bucket";s:18:"phpsdktestlijunwei";s:3:"Key";s:40:"dir/test/中文目录/@特殊字符!.txt";s:7:"Options";a:1:{s:8:"uploadId";s:32:"a82bfd9903634d91b228eed85adf0ec5";}s:5:"Parts";a:3:{i:0;a:4:{s:10:"PartNumber";s:1:"1";s:4:"ETag";s:32:"4f08eef4096726bff1125e1b1b734644";s:12:"LastModified";s:24:"2015-03-23T06:19:58.286Z";s:4:"Size";s:7:"5242880";}i:1;a:4:{s:10:"PartNumber";s:1:"2";s:4:"ETag";s:32:"4f08eef4096726bff1125e1b1b734644";s:12:"LastModified";s:24:"2015-03-23T06:20:24.135Z";s:4:"Size";s:7:"5242880";}i:2;a:4:{s:10:"PartNumber";s:1:"3";s:4:"ETag";s:32:"430635288c392730c93a3ddf8c4f5b97";s:12:"LastModified";s:24:"2015-03-23T06:20:49.953Z";s:4:"Size";s:7:"3914240";}}}}
stringToSing->
POST

application/xml
Mon, 23 Mar 2015 06:20:50 GMT
/phpsdktestlijunwei/dir/test/%E4%B8%AD%E6%96%87%E7%9B%AE%E5%BD%95/%40%E7%89%B9%E6%AE%8A%E5%AD%97%E7%AC%A6%21.txt?uploadId=a82bfd9903634d91b228eed85adf0ec5
request url->s:174:"http://kss.ksyun.com/phpsdktestlijunwei/dir/test/%E4%B8%AD%E6%96%87%E7%9B%AE%E5%BD%95/%40%E7%89%B9%E6%AE%8A%E5%AD%97%E7%AC%A6%21.txt?uploadId=a82bfd9903634d91b228eed85adf0ec5";
request headers->a:4:{s:12:"Content-Type";s:15:"application/xml";s:14:"Content-Length";i:326;s:4:"Date";s:29:"Mon, 23 Mar 2015 06:20:50 GMT";s:13:"Authorization";s:53:"KSS 1GL02rRYQxK8s7FQh8dV:svAD+etibreB2NwT84EsXEKdDLg=";}
request body-><?xml version="1.0"?>
<CompleteMultipartUpload><Part><PartNumber>1</PartNumber><ETag>4f08eef4096726bff1125e1b1b734644</ETag></Part><Part><PartNumber>2</PartNumber><ETag>4f08eef4096726bff1125e1b1b734644</ETag></Part><Part><PartNumber>3</PartNumber><ETag>430635288c392730c93a3ddf8c4f5b97</ETag></Part></CompleteMultipartUpload>

request read stream length->326
request read stream seek position->
response code->200
response headers->a:9:{s:6:"server";s:7:"Tengine";s:4:"date";s:29:"Mon, 23 Mar 2015 06:20:50 GMT";s:12:"content-type";s:15:"application/xml";s:17:"transfer-encoding";s:7:"chunked";s:10:"connection";s:10:"keep-alive";s:21:"x-application-context";s:11:"application";s:16:"x-kss-request-id";s:32:"b80126382d3e48a5bdf87c95980be232";s:7:"taskid:";s:0:"";s:5:"_info";a:23:{s:3:"url";s:174:"http://kss.ksyun.com/phpsdktestlijunwei/dir/test/%E4%B8%AD%E6%96%87%E7%9B%AE%E5%BD%95/%40%E7%89%B9%E6%AE%8A%E5%AD%97%E7%AC%A6%21.txt?uploadId=a82bfd9903634d91b228eed85adf0ec5";s:12:"content_type";s:15:"application/xml";s:9:"http_code";i:200;s:11:"header_size";i:254;s:12:"request_size";i:939;s:8:"filetime";i:-1;s:17:"ssl_verify_result";i:0;s:14:"redirect_count";i:0;s:10:"total_time";d:0.5300000000000000266453525910037569701671600341796875;s:15:"namelookup_time";d:0;s:12:"connect_time";d:0.1710000000000000131006316905768471769988536834716796875;s:16:"pretransfer_time";d:0.1710000000000000131006316905768471769988536834716796875;s:11:"size_upload";d:326;s:13:"size_download";d:299;s:14:"speed_download";d:564;s:12:"speed_upload";d:615;s:23:"download_content_length";d:-1;s:21:"upload_content_length";d:326;s:18:"starttransfer_time";d:0.5300000000000000266453525910037569701671600341796875;s:13:"redirect_time";d:0;s:8:"certinfo";a:0:{}s:12:"redirect_url";s:0:"";s:6:"method";s:4:"POST";}}
response body-><?xml version="1.0" encoding="UTF-8" standalone="yes"?><CompleteMultipartUploadResult xmlns="http://s3.amazonaws.com/doc/2006-03-01/"><Bucket>phpsdktestlijunwei</Bucket><Key>dir/test/中文目录/@特殊字符!.txt</Key><ETag>"b85b1cd3fe7136ff5d9838e9320bbbe0"</ETag></CompleteMultipartUploadResult>
------------------Logging End-------------------------

Mon, 23 Mar 2015 06:20:51 GMT INFO
------------------Logging Start-------------------------
method->objectExists args->a:1:{i:0;a:2:{s:6:"Bucket";s:18:"phpsdktestlijunwei";s:3:"Key";s:40:"dir/test/中文目录/@特殊字符!.txt";}}
stringToSing->
HEAD

application/xml
Mon, 23 Mar 2015 06:20:51 GMT
/phpsdktestlijunwei/dir/test/%E4%B8%AD%E6%96%87%E7%9B%AE%E5%BD%95/%40%E7%89%B9%E6%AE%8A%E5%AD%97%E7%AC%A6%21.txt
request url->s:132:"http://kss.ksyun.com/phpsdktestlijunwei/dir/test/%E4%B8%AD%E6%96%87%E7%9B%AE%E5%BD%95/%40%E7%89%B9%E6%AE%8A%E5%AD%97%E7%AC%A6%21.txt";
request headers->a:3:{s:12:"Content-Type";s:15:"application/xml";s:4:"Date";s:29:"Mon, 23 Mar 2015 06:20:51 GMT";s:13:"Authorization";s:53:"KSS 1GL02rRYQxK8s7FQh8dV:1oWGhPpC8f2eUD3bh48udYvNhe4=";}
request body->
request read stream length->
request read stream seek position->
response code->200
response headers->a:14:{s:6:"server";s:7:"Tengine";s:4:"date";s:29:"Mon, 23 Mar 2015 06:20:51 GMT";s:12:"content-type";s:17:"binay/ocet-stream";s:14:"content-length";s:8:"14400000";s:10:"connection";s:10:"keep-alive";s:21:"x-application-context";s:11:"application";s:16:"x-kss-request-id";s:32:"f2920f67efd5480d8cba104a4b1c7e96";s:7:"expires";s:29:"Mon, 23 Mar 9999 05:23:22 GMT";s:19:"content-disposition";s:11:"attachment;";s:16:"content-encoding";s:4:"gzip";s:13:"cache-control";s:8:"no-cache";s:15:"x-kss-meta-test";s:7:"example";s:13:"last-modified";s:29:"Mon, 23 Mar 2015 06:19:22 GMT";s:5:"_info";a:23:{s:3:"url";s:132:"http://kss.ksyun.com/phpsdktestlijunwei/dir/test/%E4%B8%AD%E6%96%87%E7%9B%AE%E5%BD%95/%40%E7%89%B9%E6%AE%8A%E5%AD%97%E7%AC%A6%21.txt";s:12:"content_type";s:17:"binay/ocet-stream";s:9:"http_code";i:200;s:11:"header_size";i:439;s:12:"request_size";i:508;s:8:"filetime";i:1427091562;s:17:"ssl_verify_result";i:0;s:14:"redirect_count";i:0;s:10:"total_time";d:0.4839999999999999857891452847979962825775146484375;s:15:"namelookup_time";d:0;s:12:"connect_time";d:0.1409999999999999864552790995730902068316936492919921875;s:16:"pretransfer_time";d:0.1409999999999999864552790995730902068316936492919921875;s:11:"size_upload";d:0;s:13:"size_download";d:0;s:14:"speed_download";d:0;s:12:"speed_upload";d:0;s:23:"download_content_length";d:14400000;s:21:"upload_content_length";d:0;s:18:"starttransfer_time";d:0.4839999999999999857891452847979962825775146484375;s:13:"redirect_time";d:0;s:8:"certinfo";a:0:{}s:12:"redirect_url";s:0:"";s:6:"method";s:4:"HEAD";}}
response body->
------------------Logging End-------------------------

Mon, 23 Mar 2015 06:20:51 GMT INFO
------------------Logging Start-------------------------
method->getObjectMeta args->a:1:{i:0;a:2:{s:6:"Bucket";s:18:"phpsdktestlijunwei";s:3:"Key";s:40:"dir/test/中文目录/@特殊字符!.txt";}}
stringToSing->
HEAD

application/xml
Mon, 23 Mar 2015 06:20:51 GMT
/phpsdktestlijunwei/dir/test/%E4%B8%AD%E6%96%87%E7%9B%AE%E5%BD%95/%40%E7%89%B9%E6%AE%8A%E5%AD%97%E7%AC%A6%21.txt
request url->s:132:"http://kss.ksyun.com/phpsdktestlijunwei/dir/test/%E4%B8%AD%E6%96%87%E7%9B%AE%E5%BD%95/%40%E7%89%B9%E6%AE%8A%E5%AD%97%E7%AC%A6%21.txt";
request headers->a:3:{s:12:"Content-Type";s:15:"application/xml";s:4:"Date";s:29:"Mon, 23 Mar 2015 06:20:51 GMT";s:13:"Authorization";s:53:"KSS 1GL02rRYQxK8s7FQh8dV:1oWGhPpC8f2eUD3bh48udYvNhe4=";}
request body->
request read stream length->
request read stream seek position->
response code->200
response headers->a:14:{s:6:"server";s:7:"Tengine";s:4:"date";s:29:"Mon, 23 Mar 2015 06:20:51 GMT";s:12:"content-type";s:17:"binay/ocet-stream";s:14:"content-length";s:8:"14400000";s:10:"connection";s:10:"keep-alive";s:21:"x-application-context";s:11:"application";s:16:"x-kss-request-id";s:32:"3951849bcb4a4da1949e06f53caf2dd5";s:7:"expires";s:29:"Mon, 23 Mar 9999 05:23:22 GMT";s:19:"content-disposition";s:11:"attachment;";s:16:"content-encoding";s:4:"gzip";s:13:"cache-control";s:8:"no-cache";s:15:"x-kss-meta-test";s:7:"example";s:13:"last-modified";s:29:"Mon, 23 Mar 2015 06:19:22 GMT";s:5:"_info";a:23:{s:3:"url";s:132:"http://kss.ksyun.com/phpsdktestlijunwei/dir/test/%E4%B8%AD%E6%96%87%E7%9B%AE%E5%BD%95/%40%E7%89%B9%E6%AE%8A%E5%AD%97%E7%AC%A6%21.txt";s:12:"content_type";s:17:"binay/ocet-stream";s:9:"http_code";i:200;s:11:"header_size";i:439;s:12:"request_size";i:508;s:8:"filetime";i:1427091562;s:17:"ssl_verify_result";i:0;s:14:"redirect_count";i:0;s:10:"total_time";d:0.420999999999999985345056074947933666408061981201171875;s:15:"namelookup_time";d:0;s:12:"connect_time";d:0.125;s:16:"pretransfer_time";d:0.125;s:11:"size_upload";d:0;s:13:"size_download";d:0;s:14:"speed_download";d:0;s:12:"speed_upload";d:0;s:23:"download_content_length";d:14400000;s:21:"upload_content_length";d:0;s:18:"starttransfer_time";d:0.420999999999999985345056074947933666408061981201171875;s:13:"redirect_time";d:0;s:8:"certinfo";a:0:{}s:12:"redirect_url";s:0:"";s:6:"method";s:4:"HEAD";}}
response body->
------------------Logging End-------------------------

Mon, 23 Mar 2015 06:21:20 GMT INFO
------------------Logging Start-------------------------
method->bucketExists args->a:1:{i:0;a:1:{s:6:"Bucket";s:18:"phpsdktestlijunwei";}}
stringToSing->
HEAD

application/xml
Mon, 23 Mar 2015 06:21:19 GMT
/phpsdktestlijunwei/
request url->s:39:"http://kss.ksyun.com/phpsdktestlijunwei";
request headers->a:3:{s:12:"Content-Type";s:15:"application/xml";s:4:"Date";s:29:"Mon, 23 Mar 2015 06:21:19 GMT";s:13:"Authorization";s:53:"KSS 1GL02rRYQxK8s7FQh8dV:iCrbAdQ7dshWNlwj6UN2ABEhqJM=";}
request body->
request read stream length->
request read stream seek position->
response code->200
response headers->a:7:{s:6:"server";s:7:"Tengine";s:4:"date";s:29:"Mon, 23 Mar 2015 06:21:19 GMT";s:14:"content-length";s:1:"0";s:10:"connection";s:10:"keep-alive";s:21:"x-application-context";s:11:"application";s:16:"x-kss-request-id";s:32:"01ba615def884d74983d207d3477342e";s:5:"_info";a:23:{s:3:"url";s:39:"http://kss.ksyun.com/phpsdktestlijunwei";s:12:"content_type";N;s:9:"http_code";i:200;s:11:"header_size";i:204;s:12:"request_size";i:322;s:8:"filetime";i:-1;s:17:"ssl_verify_result";i:0;s:14:"redirect_count";i:0;s:10:"total_time";d:0.34399999999999997246646898929611779749393463134765625;s:15:"namelookup_time";d:0;s:12:"connect_time";d:0.063000000000000000444089209850062616169452667236328125;s:16:"pretransfer_time";d:0.063000000000000000444089209850062616169452667236328125;s:11:"size_upload";d:0;s:13:"size_download";d:0;s:14:"speed_download";d:0;s:12:"speed_upload";d:0;s:23:"download_content_length";d:0;s:21:"upload_content_length";d:0;s:18:"starttransfer_time";d:0.34399999999999997246646898929611779749393463134765625;s:13:"redirect_time";d:0;s:8:"certinfo";a:0:{}s:12:"redirect_url";s:0:"";s:6:"method";s:4:"HEAD";}}
response body->
------------------Logging End-------------------------

Mon, 23 Mar 2015 06:21:20 GMT INFO
------------------Logging Start-------------------------
method->initMultipartUpload args->a:1:{i:0;a:4:{s:6:"Bucket";s:18:"phpsdktestlijunwei";s:3:"Key";s:40:"dir/test/中文目录/@特殊字符!.txt";s:8:"UserMeta";a:1:{s:15:"x-kss-meta-test";s:4:"test";}s:10:"ObjectMeta";a:5:{s:12:"Content-Type";s:17:"binay/ocet-stream";s:13:"Cache-Control";s:8:"no-cache";s:19:"Content-Disposition";s:11:"attachment;";s:16:"Content-Encoding";s:4:"gzip";s:7:"Expires";s:29:"Mon, 23 Mar 9999 05:23:22 GMT";}}}
stringToSing->
POST

binay/ocet-stream
Mon, 23 Mar 2015 06:21:20 GMT
x-kss-meta-test:test
/phpsdktestlijunwei/dir/test/%E4%B8%AD%E6%96%87%E7%9B%AE%E5%BD%95/%40%E7%89%B9%E6%AE%8A%E5%AD%97%E7%AC%A6%21.txt?uploads
request url->s:140:"http://kss.ksyun.com/phpsdktestlijunwei/dir/test/%E4%B8%AD%E6%96%87%E7%9B%AE%E5%BD%95/%40%E7%89%B9%E6%AE%8A%E5%AD%97%E7%AC%A6%21.txt?uploads";
request headers->a:8:{s:12:"Content-Type";s:17:"binay/ocet-stream";s:13:"Cache-Control";s:8:"no-cache";s:19:"Content-Disposition";s:11:"attachment;";s:16:"Content-Encoding";s:4:"gzip";s:7:"Expires";s:29:"Mon, 23 Mar 9999 05:23:22 GMT";s:15:"x-kss-meta-test";s:4:"test";s:4:"Date";s:29:"Mon, 23 Mar 2015 06:21:20 GMT";s:13:"Authorization";s:53:"KSS 1GL02rRYQxK8s7FQh8dV:33rHOBuylm91CjUrswGRLoF1PMg=";}
request body->
request read stream length->
request read stream seek position->
response code->200
response headers->a:8:{s:6:"server";s:7:"Tengine";s:4:"date";s:29:"Mon, 23 Mar 2015 06:21:20 GMT";s:12:"content-type";s:15:"application/xml";s:17:"transfer-encoding";s:7:"chunked";s:10:"connection";s:10:"keep-alive";s:21:"x-application-context";s:11:"application";s:16:"x-kss-request-id";s:32:"a3af45c237824dd3aaebd12345a27150";s:5:"_info";a:23:{s:3:"url";s:140:"http://kss.ksyun.com/phpsdktestlijunwei/dir/test/%E4%B8%AD%E6%96%87%E7%9B%AE%E5%BD%95/%40%E7%89%B9%E6%AE%8A%E5%AD%97%E7%AC%A6%21.txt?uploads";s:12:"content_type";s:15:"application/xml";s:9:"http_code";i:200;s:11:"header_size";i:244;s:12:"request_size";i:691;s:8:"filetime";i:-1;s:17:"ssl_verify_result";i:0;s:14:"redirect_count";i:0;s:10:"total_time";d:0.39000000000000001332267629550187848508358001708984375;s:15:"namelookup_time";d:0;s:12:"connect_time";d:0.063000000000000000444089209850062616169452667236328125;s:16:"pretransfer_time";d:0.07799999999999999988897769753748434595763683319091796875;s:11:"size_upload";d:0;s:13:"size_download";d:305;s:14:"speed_download";d:782;s:12:"speed_upload";d:0;s:23:"download_content_length";d:-1;s:21:"upload_content_length";d:0;s:18:"starttransfer_time";d:0.39000000000000001332267629550187848508358001708984375;s:13:"redirect_time";d:0;s:8:"certinfo";a:0:{}s:12:"redirect_url";s:0:"";s:6:"method";s:4:"POST";}}
response body-><?xml version="1.0" encoding="UTF-8" standalone="yes"?><InitiateMultipartUploadResult xmlns="http://s3.amazonaws.com/doc/2006-03-01/"><Bucket>phpsdktestlijunwei</Bucket><Key>dir/test/中文目录/@特殊字符!.txt</Key><UploadId>e5bc86969da640edbec77fa0c41e88b7</UploadId></InitiateMultipartUploadResult>
------------------Logging End-------------------------

Mon, 23 Mar 2015 06:21:53 GMT INFO
------------------Logging Start-------------------------
method->uploadPart args->a:1:{i:0;a:5:{s:6:"Bucket";s:18:"phpsdktestlijunwei";s:3:"Key";s:40:"dir/test/中文目录/@特殊字符!.txt";s:7:"Options";a:2:{s:10:"partNumber";i:1;s:8:"uploadId";s:32:"e5bc86969da640edbec77fa0c41e88b7";}s:10:"ObjectMeta";a:1:{s:14:"Content-Length";i:5242880;}s:7:"Content";a:2:{s:7:"content";s:12:"D://file.rar";s:13:"seek_position";i:0;}}}
stringToSing->
PUT

application/ocet-stream
Mon, 23 Mar 2015 06:21:20 GMT
/phpsdktestlijunwei/dir/test/%E4%B8%AD%E6%96%87%E7%9B%AE%E5%BD%95/%40%E7%89%B9%E6%AE%8A%E5%AD%97%E7%AC%A6%21.txt?partNumber=1&uploadId=e5bc86969da640edbec77fa0c41e88b7
request url->s:187:"http://kss.ksyun.com/phpsdktestlijunwei/dir/test/%E4%B8%AD%E6%96%87%E7%9B%AE%E5%BD%95/%40%E7%89%B9%E6%AE%8A%E5%AD%97%E7%AC%A6%21.txt?uploadId=e5bc86969da640edbec77fa0c41e88b7&partNumber=1";
request headers->a:4:{s:12:"Content-Type";s:23:"application/ocet-stream";s:14:"Content-Length";i:5242880;s:4:"Date";s:29:"Mon, 23 Mar 2015 06:21:20 GMT";s:13:"Authorization";s:53:"KSS 1GL02rRYQxK8s7FQh8dV:ijL8bleUHJ25DRmJv7K0rvszKXs=";}
request body->
request read stream length->5242880
request read stream seek position->0
response code->200
response headers->a:8:{s:6:"server";s:7:"Tengine";s:4:"date";s:29:"Mon, 23 Mar 2015 06:21:53 GMT";s:14:"content-length";s:1:"0";s:10:"connection";s:10:"keep-alive";s:21:"x-application-context";s:11:"application";s:16:"x-kss-request-id";s:32:"1501c2cbcf4c46cca3260a4308c2a75f";s:4:"etag";s:34:""4f08eef4096726bff1125e1b1b734644"";s:5:"_info";a:23:{s:3:"url";s:187:"http://kss.ksyun.com/phpsdktestlijunwei/dir/test/%E4%B8%AD%E6%96%87%E7%9B%AE%E5%BD%95/%40%E7%89%B9%E6%AE%8A%E5%AD%97%E7%AC%A6%21.txt?uploadId=e5bc86969da640edbec77fa0c41e88b7&partNumber=1";s:12:"content_type";N;s:9:"http_code";i:200;s:11:"header_size";i:271;s:12:"request_size";i:672;s:8:"filetime";i:-1;s:17:"ssl_verify_result";i:0;s:14:"redirect_count";i:0;s:10:"total_time";d:32.7289999999999992041921359486877918243408203125;s:15:"namelookup_time";d:0;s:12:"connect_time";d:0.0940000000000000002220446049250313080847263336181640625;s:16:"pretransfer_time";d:0.0940000000000000002220446049250313080847263336181640625;s:11:"size_upload";d:5242880;s:13:"size_download";d:0;s:14:"speed_download";d:0;s:12:"speed_upload";d:160190;s:23:"download_content_length";d:0;s:21:"upload_content_length";d:5242880;s:18:"starttransfer_time";d:0.3589999999999999857891452847979962825775146484375;s:13:"redirect_time";d:0;s:8:"certinfo";a:0:{}s:12:"redirect_url";s:0:"";s:6:"method";s:3:"PUT";}}
response body->
------------------Logging End-------------------------

Mon, 23 Mar 2015 06:22:21 GMT INFO
------------------Logging Start-------------------------
method->uploadPart args->a:1:{i:0;a:5:{s:6:"Bucket";s:18:"phpsdktestlijunwei";s:3:"Key";s:40:"dir/test/中文目录/@特殊字符!.txt";s:7:"Options";a:2:{s:10:"partNumber";i:2;s:8:"uploadId";s:32:"e5bc86969da640edbec77fa0c41e88b7";}s:10:"ObjectMeta";a:1:{s:14:"Content-Length";i:5242880;}s:7:"Content";a:2:{s:7:"content";s:12:"D://file.rar";s:13:"seek_position";i:5242880;}}}
stringToSing->
PUT

application/ocet-stream
Mon, 23 Mar 2015 06:21:53 GMT
/phpsdktestlijunwei/dir/test/%E4%B8%AD%E6%96%87%E7%9B%AE%E5%BD%95/%40%E7%89%B9%E6%AE%8A%E5%AD%97%E7%AC%A6%21.txt?partNumber=2&uploadId=e5bc86969da640edbec77fa0c41e88b7
request url->s:187:"http://kss.ksyun.com/phpsdktestlijunwei/dir/test/%E4%B8%AD%E6%96%87%E7%9B%AE%E5%BD%95/%40%E7%89%B9%E6%AE%8A%E5%AD%97%E7%AC%A6%21.txt?uploadId=e5bc86969da640edbec77fa0c41e88b7&partNumber=2";
request headers->a:4:{s:12:"Content-Type";s:23:"application/ocet-stream";s:14:"Content-Length";i:5242880;s:4:"Date";s:29:"Mon, 23 Mar 2015 06:21:53 GMT";s:13:"Authorization";s:53:"KSS 1GL02rRYQxK8s7FQh8dV:g1WQMcePl3SFH7wrB9quOG5bU+I=";}
request body->
request read stream length->5242880
request read stream seek position->5242880
response code->200
response headers->a:8:{s:6:"server";s:7:"Tengine";s:4:"date";s:29:"Mon, 23 Mar 2015 06:22:21 GMT";s:14:"content-length";s:1:"0";s:10:"connection";s:10:"keep-alive";s:21:"x-application-context";s:11:"application";s:16:"x-kss-request-id";s:32:"6f54f4b1a2f64ee5bff466fe90b951bb";s:4:"etag";s:34:""4f08eef4096726bff1125e1b1b734644"";s:5:"_info";a:23:{s:3:"url";s:187:"http://kss.ksyun.com/phpsdktestlijunwei/dir/test/%E4%B8%AD%E6%96%87%E7%9B%AE%E5%BD%95/%40%E7%89%B9%E6%AE%8A%E5%AD%97%E7%AC%A6%21.txt?uploadId=e5bc86969da640edbec77fa0c41e88b7&partNumber=2";s:12:"content_type";N;s:9:"http_code";i:200;s:11:"header_size";i:271;s:12:"request_size";i:672;s:8:"filetime";i:-1;s:17:"ssl_verify_result";i:0;s:14:"redirect_count";i:0;s:10:"total_time";d:27.8780000000000001136868377216160297393798828125;s:15:"namelookup_time";d:0;s:12:"connect_time";d:0.07799999999999999988897769753748434595763683319091796875;s:16:"pretransfer_time";d:0.07799999999999999988897769753748434595763683319091796875;s:11:"size_upload";d:5242880;s:13:"size_download";d:0;s:14:"speed_download";d:0;s:12:"speed_upload";d:188065;s:23:"download_content_length";d:0;s:21:"upload_content_length";d:5242880;s:18:"starttransfer_time";d:0.39000000000000001332267629550187848508358001708984375;s:13:"redirect_time";d:0;s:8:"certinfo";a:0:{}s:12:"redirect_url";s:0:"";s:6:"method";s:3:"PUT";}}
response body->
------------------Logging End-------------------------

Mon, 23 Mar 2015 06:22:45 GMT INFO
------------------Logging Start-------------------------
method->uploadPart args->a:1:{i:0;a:5:{s:6:"Bucket";s:18:"phpsdktestlijunwei";s:3:"Key";s:40:"dir/test/中文目录/@特殊字符!.txt";s:7:"Options";a:2:{s:10:"partNumber";i:3;s:8:"uploadId";s:32:"e5bc86969da640edbec77fa0c41e88b7";}s:10:"ObjectMeta";a:1:{s:14:"Content-Length";i:5242880;}s:7:"Content";a:2:{s:7:"content";s:12:"D://file.rar";s:13:"seek_position";i:10485760;}}}
stringToSing->
PUT

application/ocet-stream
Mon, 23 Mar 2015 06:22:21 GMT
/phpsdktestlijunwei/dir/test/%E4%B8%AD%E6%96%87%E7%9B%AE%E5%BD%95/%40%E7%89%B9%E6%AE%8A%E5%AD%97%E7%AC%A6%21.txt?partNumber=3&uploadId=e5bc86969da640edbec77fa0c41e88b7
request url->s:187:"http://kss.ksyun.com/phpsdktestlijunwei/dir/test/%E4%B8%AD%E6%96%87%E7%9B%AE%E5%BD%95/%40%E7%89%B9%E6%AE%8A%E5%AD%97%E7%AC%A6%21.txt?uploadId=e5bc86969da640edbec77fa0c41e88b7&partNumber=3";
request headers->a:4:{s:12:"Content-Type";s:23:"application/ocet-stream";s:14:"Content-Length";i:3914240;s:4:"Date";s:29:"Mon, 23 Mar 2015 06:22:21 GMT";s:13:"Authorization";s:53:"KSS 1GL02rRYQxK8s7FQh8dV:wRqubdsmpdzpXWbxwh4sO86q7uA=";}
request body->
request read stream length->3914240
request read stream seek position->10485760
response code->200
response headers->a:8:{s:6:"server";s:7:"Tengine";s:4:"date";s:29:"Mon, 23 Mar 2015 06:22:45 GMT";s:14:"content-length";s:1:"0";s:10:"connection";s:10:"keep-alive";s:21:"x-application-context";s:11:"application";s:16:"x-kss-request-id";s:32:"10e726e5403f41c99f842fc227367c0c";s:4:"etag";s:34:""430635288c392730c93a3ddf8c4f5b97"";s:5:"_info";a:23:{s:3:"url";s:187:"http://kss.ksyun.com/phpsdktestlijunwei/dir/test/%E4%B8%AD%E6%96%87%E7%9B%AE%E5%BD%95/%40%E7%89%B9%E6%AE%8A%E5%AD%97%E7%AC%A6%21.txt?uploadId=e5bc86969da640edbec77fa0c41e88b7&partNumber=3";s:12:"content_type";N;s:9:"http_code";i:200;s:11:"header_size";i:271;s:12:"request_size";i:672;s:8:"filetime";i:-1;s:17:"ssl_verify_result";i:0;s:14:"redirect_count";i:0;s:10:"total_time";d:24.3359999999999985220711096189916133880615234375;s:15:"namelookup_time";d:0;s:12:"connect_time";d:0.10899999999999999966693309261245303787291049957275390625;s:16:"pretransfer_time";d:0.10899999999999999966693309261245303787291049957275390625;s:11:"size_upload";d:3914240;s:13:"size_download";d:0;s:14:"speed_download";d:0;s:12:"speed_upload";d:160841;s:23:"download_content_length";d:0;s:21:"upload_content_length";d:3914240;s:18:"starttransfer_time";d:0.4050000000000000266453525910037569701671600341796875;s:13:"redirect_time";d:0;s:8:"certinfo";a:0:{}s:12:"redirect_url";s:0:"";s:6:"method";s:3:"PUT";}}
response body->
------------------Logging End-------------------------

Mon, 23 Mar 2015 06:22:45 GMT INFO
------------------Logging Start-------------------------
method->listParts args->a:1:{i:0;a:3:{s:6:"Bucket";s:18:"phpsdktestlijunwei";s:3:"Key";s:40:"dir/test/中文目录/@特殊字符!.txt";s:7:"Options";a:1:{s:8:"uploadId";s:32:"e5bc86969da640edbec77fa0c41e88b7";}}}
stringToSing->
GET

application/xml
Mon, 23 Mar 2015 06:22:45 GMT
/phpsdktestlijunwei/dir/test/%E4%B8%AD%E6%96%87%E7%9B%AE%E5%BD%95/%40%E7%89%B9%E6%AE%8A%E5%AD%97%E7%AC%A6%21.txt?uploadId=e5bc86969da640edbec77fa0c41e88b7
request url->s:174:"http://kss.ksyun.com/phpsdktestlijunwei/dir/test/%E4%B8%AD%E6%96%87%E7%9B%AE%E5%BD%95/%40%E7%89%B9%E6%AE%8A%E5%AD%97%E7%AC%A6%21.txt?uploadId=e5bc86969da640edbec77fa0c41e88b7";
request headers->a:3:{s:12:"Content-Type";s:15:"application/xml";s:4:"Date";s:29:"Mon, 23 Mar 2015 06:22:45 GMT";s:13:"Authorization";s:53:"KSS 1GL02rRYQxK8s7FQh8dV:xeYASFyZZXSEazYpBYcjnxixtkY=";}
request body->
request read stream length->
request read stream seek position->
response code->200
response headers->a:8:{s:6:"server";s:7:"Tengine";s:4:"date";s:29:"Mon, 23 Mar 2015 06:22:45 GMT";s:12:"content-type";s:15:"application/xml";s:17:"transfer-encoding";s:7:"chunked";s:10:"connection";s:10:"keep-alive";s:21:"x-application-context";s:11:"application";s:16:"x-kss-request-id";s:32:"713e27d464ec4467ab110edc578da838";s:5:"_info";a:23:{s:3:"url";s:174:"http://kss.ksyun.com/phpsdktestlijunwei/dir/test/%E4%B8%AD%E6%96%87%E7%9B%AE%E5%BD%95/%40%E7%89%B9%E6%AE%8A%E5%AD%97%E7%AC%A6%21.txt?uploadId=e5bc86969da640edbec77fa0c41e88b7";s:12:"content_type";s:15:"application/xml";s:9:"http_code";i:200;s:11:"header_size";i:244;s:12:"request_size";i:610;s:8:"filetime";i:-1;s:17:"ssl_verify_result";i:0;s:14:"redirect_count";i:0;s:10:"total_time";d:0.3589999999999999857891452847979962825775146484375;s:15:"namelookup_time";d:0;s:12:"connect_time";d:0.07799999999999999988897769753748434595763683319091796875;s:16:"pretransfer_time";d:0.07799999999999999988897769753748434595763683319091796875;s:11:"size_upload";d:0;s:13:"size_download";d:1133;s:14:"speed_download";d:3155;s:12:"speed_upload";d:0;s:23:"download_content_length";d:-1;s:21:"upload_content_length";d:0;s:18:"starttransfer_time";d:0.3589999999999999857891452847979962825775146484375;s:13:"redirect_time";d:0;s:8:"certinfo";a:0:{}s:12:"redirect_url";s:0:"";s:6:"method";s:3:"GET";}}
response body-><?xml version="1.0" encoding="UTF-8" standalone="yes"?><ns2:ListPartsResult xmlns:ns2="http://s3.amazonaws.com/doc/2006-03-01/"><ns2:Bucket>phpsdktestlijunwei</ns2:Bucket><ns2:Key>dir/test/中文目录/@特殊字符!.txt</ns2:Key><ns2:UploadId>e5bc86969da640edbec77fa0c41e88b7</ns2:UploadId><ns2:PartNumberMarker>1</ns2:PartNumberMarker><ns2:MaxParts>1000</ns2:MaxParts><ns2:Part><PartNumber>1</PartNumber><ETag>4f08eef4096726bff1125e1b1b734644</ETag><LastModified>2015-03-23T06:21:53.139Z</LastModified><Size>5242880</Size></ns2:Part><ns2:Part><PartNumber>2</PartNumber><ETag>4f08eef4096726bff1125e1b1b734644</ETag><LastModified>2015-03-23T06:22:21.017Z</LastModified><Size>5242880</Size></ns2:Part><ns2:Part><PartNumber>3</PartNumber><ETag>430635288c392730c93a3ddf8c4f5b97</ETag><LastModified>2015-03-23T06:22:45.311Z</LastModified><Size>3914240</Size></ns2:Part><ns2:IsTruncated>false</ns2:IsTruncated><ns2:Initiator><ns2:ID>NzMzOTg1Mjk=</ns2:ID><ns2:DisplayName>NzMzOTg1Mjk=</ns2:DisplayName></ns2:Initiator><ns2:Owner><ns2:ID>NzMzOTg1Mjk=</ns2:ID><ns2:DisplayName>NzMzOTg1Mjk=</ns2:DisplayName></ns2:Owner></ns2:ListPartsResult>
------------------Logging End-------------------------

Mon, 23 Mar 2015 06:22:46 GMT INFO
------------------Logging Start-------------------------
method->completeMultipartUpload args->a:1:{i:0;a:4:{s:6:"Bucket";s:18:"phpsdktestlijunwei";s:3:"Key";s:40:"dir/test/中文目录/@特殊字符!.txt";s:7:"Options";a:1:{s:8:"uploadId";s:32:"e5bc86969da640edbec77fa0c41e88b7";}s:5:"Parts";a:3:{i:0;a:4:{s:10:"PartNumber";s:1:"1";s:4:"ETag";s:32:"4f08eef4096726bff1125e1b1b734644";s:12:"LastModified";s:24:"2015-03-23T06:21:53.139Z";s:4:"Size";s:7:"5242880";}i:1;a:4:{s:10:"PartNumber";s:1:"2";s:4:"ETag";s:32:"4f08eef4096726bff1125e1b1b734644";s:12:"LastModified";s:24:"2015-03-23T06:22:21.017Z";s:4:"Size";s:7:"5242880";}i:2;a:4:{s:10:"PartNumber";s:1:"3";s:4:"ETag";s:32:"430635288c392730c93a3ddf8c4f5b97";s:12:"LastModified";s:24:"2015-03-23T06:22:45.311Z";s:4:"Size";s:7:"3914240";}}}}
stringToSing->
POST

application/xml
Mon, 23 Mar 2015 06:22:45 GMT
/phpsdktestlijunwei/dir/test/%E4%B8%AD%E6%96%87%E7%9B%AE%E5%BD%95/%40%E7%89%B9%E6%AE%8A%E5%AD%97%E7%AC%A6%21.txt?uploadId=e5bc86969da640edbec77fa0c41e88b7
request url->s:174:"http://kss.ksyun.com/phpsdktestlijunwei/dir/test/%E4%B8%AD%E6%96%87%E7%9B%AE%E5%BD%95/%40%E7%89%B9%E6%AE%8A%E5%AD%97%E7%AC%A6%21.txt?uploadId=e5bc86969da640edbec77fa0c41e88b7";
request headers->a:4:{s:12:"Content-Type";s:15:"application/xml";s:14:"Content-Length";i:326;s:4:"Date";s:29:"Mon, 23 Mar 2015 06:22:45 GMT";s:13:"Authorization";s:53:"KSS 1GL02rRYQxK8s7FQh8dV:U9JswHy6bybSlI+0cY7FrD9myYo=";}
request body-><?xml version="1.0"?>
<CompleteMultipartUpload><Part><PartNumber>1</PartNumber><ETag>4f08eef4096726bff1125e1b1b734644</ETag></Part><Part><PartNumber>2</PartNumber><ETag>4f08eef4096726bff1125e1b1b734644</ETag></Part><Part><PartNumber>3</PartNumber><ETag>430635288c392730c93a3ddf8c4f5b97</ETag></Part></CompleteMultipartUpload>

request read stream length->326
request read stream seek position->
response code->200
response headers->a:9:{s:6:"server";s:7:"Tengine";s:4:"date";s:29:"Mon, 23 Mar 2015 06:22:46 GMT";s:12:"content-type";s:15:"application/xml";s:17:"transfer-encoding";s:7:"chunked";s:10:"connection";s:10:"keep-alive";s:21:"x-application-context";s:11:"application";s:16:"x-kss-request-id";s:32:"7942615ae251461e8436303d57f43d02";s:7:"taskid:";s:0:"";s:5:"_info";a:23:{s:3:"url";s:174:"http://kss.ksyun.com/phpsdktestlijunwei/dir/test/%E4%B8%AD%E6%96%87%E7%9B%AE%E5%BD%95/%40%E7%89%B9%E6%AE%8A%E5%AD%97%E7%AC%A6%21.txt?uploadId=e5bc86969da640edbec77fa0c41e88b7";s:12:"content_type";s:15:"application/xml";s:9:"http_code";i:200;s:11:"header_size";i:254;s:12:"request_size";i:939;s:8:"filetime";i:-1;s:17:"ssl_verify_result";i:0;s:14:"redirect_count";i:0;s:10:"total_time";d:0.40600000000000002753353101070388220250606536865234375;s:15:"namelookup_time";d:0;s:12:"connect_time";d:0.10899999999999999966693309261245303787291049957275390625;s:16:"pretransfer_time";d:0.10899999999999999966693309261245303787291049957275390625;s:11:"size_upload";d:326;s:13:"size_download";d:299;s:14:"speed_download";d:736;s:12:"speed_upload";d:802;s:23:"download_content_length";d:-1;s:21:"upload_content_length";d:326;s:18:"starttransfer_time";d:0.40600000000000002753353101070388220250606536865234375;s:13:"redirect_time";d:0;s:8:"certinfo";a:0:{}s:12:"redirect_url";s:0:"";s:6:"method";s:4:"POST";}}
response body-><?xml version="1.0" encoding="UTF-8" standalone="yes"?><CompleteMultipartUploadResult xmlns="http://s3.amazonaws.com/doc/2006-03-01/"><Bucket>phpsdktestlijunwei</Bucket><Key>dir/test/中文目录/@特殊字符!.txt</Key><ETag>"b85b1cd3fe7136ff5d9838e9320bbbe0"</ETag></CompleteMultipartUploadResult>
------------------Logging End-------------------------

Mon, 23 Mar 2015 06:22:46 GMT INFO
------------------Logging Start-------------------------
method->objectExists args->a:1:{i:0;a:2:{s:6:"Bucket";s:18:"phpsdktestlijunwei";s:3:"Key";s:40:"dir/test/中文目录/@特殊字符!.txt";}}
stringToSing->
HEAD

application/xml
Mon, 23 Mar 2015 06:22:46 GMT
/phpsdktestlijunwei/dir/test/%E4%B8%AD%E6%96%87%E7%9B%AE%E5%BD%95/%40%E7%89%B9%E6%AE%8A%E5%AD%97%E7%AC%A6%21.txt
request url->s:132:"http://kss.ksyun.com/phpsdktestlijunwei/dir/test/%E4%B8%AD%E6%96%87%E7%9B%AE%E5%BD%95/%40%E7%89%B9%E6%AE%8A%E5%AD%97%E7%AC%A6%21.txt";
request headers->a:3:{s:12:"Content-Type";s:15:"application/xml";s:4:"Date";s:29:"Mon, 23 Mar 2015 06:22:46 GMT";s:13:"Authorization";s:53:"KSS 1GL02rRYQxK8s7FQh8dV:1Pztc2nzHyHAphXmUglUqPHceNw=";}
request body->
request read stream length->
request read stream seek position->
response code->200
response headers->a:14:{s:6:"server";s:7:"Tengine";s:4:"date";s:29:"Mon, 23 Mar 2015 06:22:46 GMT";s:12:"content-type";s:17:"binay/ocet-stream";s:14:"content-length";s:8:"14400000";s:10:"connection";s:10:"keep-alive";s:21:"x-application-context";s:11:"application";s:16:"x-kss-request-id";s:32:"2e8d9769fc3d4cc586102777be9280d3";s:7:"expires";s:29:"Mon, 23 Mar 9999 05:23:22 GMT";s:19:"content-disposition";s:11:"attachment;";s:16:"content-encoding";s:4:"gzip";s:13:"cache-control";s:8:"no-cache";s:15:"x-kss-meta-test";s:4:"test";s:13:"last-modified";s:29:"Mon, 23 Mar 2015 06:21:20 GMT";s:5:"_info";a:23:{s:3:"url";s:132:"http://kss.ksyun.com/phpsdktestlijunwei/dir/test/%E4%B8%AD%E6%96%87%E7%9B%AE%E5%BD%95/%40%E7%89%B9%E6%AE%8A%E5%AD%97%E7%AC%A6%21.txt";s:12:"content_type";s:17:"binay/ocet-stream";s:9:"http_code";i:200;s:11:"header_size";i:436;s:12:"request_size";i:508;s:8:"filetime";i:1427091680;s:17:"ssl_verify_result";i:0;s:14:"redirect_count";i:0;s:10:"total_time";d:0.39000000000000001332267629550187848508358001708984375;s:15:"namelookup_time";d:0;s:12:"connect_time";d:0.0929999999999999993338661852249060757458209991455078125;s:16:"pretransfer_time";d:0.0929999999999999993338661852249060757458209991455078125;s:11:"size_upload";d:0;s:13:"size_download";d:0;s:14:"speed_download";d:0;s:12:"speed_upload";d:0;s:23:"download_content_length";d:14400000;s:21:"upload_content_length";d:0;s:18:"starttransfer_time";d:0.39000000000000001332267629550187848508358001708984375;s:13:"redirect_time";d:0;s:8:"certinfo";a:0:{}s:12:"redirect_url";s:0:"";s:6:"method";s:4:"HEAD";}}
response body->
------------------Logging End-------------------------

Mon, 23 Mar 2015 06:22:46 GMT INFO
------------------Logging Start-------------------------
method->getObjectMeta args->a:1:{i:0;a:2:{s:6:"Bucket";s:18:"phpsdktestlijunwei";s:3:"Key";s:40:"dir/test/中文目录/@特殊字符!.txt";}}
stringToSing->
HEAD

application/xml
Mon, 23 Mar 2015 06:22:46 GMT
/phpsdktestlijunwei/dir/test/%E4%B8%AD%E6%96%87%E7%9B%AE%E5%BD%95/%40%E7%89%B9%E6%AE%8A%E5%AD%97%E7%AC%A6%21.txt
request url->s:132:"http://kss.ksyun.com/phpsdktestlijunwei/dir/test/%E4%B8%AD%E6%96%87%E7%9B%AE%E5%BD%95/%40%E7%89%B9%E6%AE%8A%E5%AD%97%E7%AC%A6%21.txt";
request headers->a:3:{s:12:"Content-Type";s:15:"application/xml";s:4:"Date";s:29:"Mon, 23 Mar 2015 06:22:46 GMT";s:13:"Authorization";s:53:"KSS 1GL02rRYQxK8s7FQh8dV:1Pztc2nzHyHAphXmUglUqPHceNw=";}
request body->
request read stream length->
request read stream seek position->
response code->200
response headers->a:14:{s:6:"server";s:7:"Tengine";s:4:"date";s:29:"Mon, 23 Mar 2015 06:22:46 GMT";s:12:"content-type";s:17:"binay/ocet-stream";s:14:"content-length";s:8:"14400000";s:10:"connection";s:10:"keep-alive";s:21:"x-application-context";s:11:"application";s:16:"x-kss-request-id";s:32:"5a56966fe4e14879929cfec12e304c03";s:7:"expires";s:29:"Mon, 23 Mar 9999 05:23:22 GMT";s:19:"content-disposition";s:11:"attachment;";s:16:"content-encoding";s:4:"gzip";s:13:"cache-control";s:8:"no-cache";s:15:"x-kss-meta-test";s:4:"test";s:13:"last-modified";s:29:"Mon, 23 Mar 2015 06:21:20 GMT";s:5:"_info";a:23:{s:3:"url";s:132:"http://kss.ksyun.com/phpsdktestlijunwei/dir/test/%E4%B8%AD%E6%96%87%E7%9B%AE%E5%BD%95/%40%E7%89%B9%E6%AE%8A%E5%AD%97%E7%AC%A6%21.txt";s:12:"content_type";s:17:"binay/ocet-stream";s:9:"http_code";i:200;s:11:"header_size";i:436;s:12:"request_size";i:508;s:8:"filetime";i:1427091680;s:17:"ssl_verify_result";i:0;s:14:"redirect_count";i:0;s:10:"total_time";d:0.39000000000000001332267629550187848508358001708984375;s:15:"namelookup_time";d:0;s:12:"connect_time";d:0.07799999999999999988897769753748434595763683319091796875;s:16:"pretransfer_time";d:0.07799999999999999988897769753748434595763683319091796875;s:11:"size_upload";d:0;s:13:"size_download";d:0;s:14:"speed_download";d:0;s:12:"speed_upload";d:0;s:23:"download_content_length";d:14400000;s:21:"upload_content_length";d:0;s:18:"starttransfer_time";d:0.39000000000000001332267629550187848508358001708984375;s:13:"redirect_time";d:0;s:8:"certinfo";a:0:{}s:12:"redirect_url";s:0:"";s:6:"method";s:4:"HEAD";}}
response body->
------------------Logging End-------------------------

Mon, 23 Mar 2015 06:24:00 GMT INFO
------------------Logging Start-------------------------
method->bucketExists args->a:1:{i:0;a:1:{s:6:"Bucket";s:18:"phpsdktestlijunwei";}}
stringToSing->
HEAD

application/xml
Mon, 23 Mar 2015 06:24:00 GMT
/phpsdktestlijunwei/
request url->s:39:"http://kss.ksyun.com/phpsdktestlijunwei";
request headers->a:3:{s:12:"Content-Type";s:15:"application/xml";s:4:"Date";s:29:"Mon, 23 Mar 2015 06:24:00 GMT";s:13:"Authorization";s:53:"KSS 1GL02rRYQxK8s7FQh8dV:GFk2qXDdqhi8jNa9BUgEAh7lZzs=";}
request body->
request read stream length->
request read stream seek position->
response code->200
response headers->a:7:{s:6:"server";s:7:"Tengine";s:4:"date";s:29:"Mon, 23 Mar 2015 06:24:00 GMT";s:14:"content-length";s:1:"0";s:10:"connection";s:10:"keep-alive";s:21:"x-application-context";s:11:"application";s:16:"x-kss-request-id";s:32:"34c4ed5a44724a0294263e34cf7118f7";s:5:"_info";a:23:{s:3:"url";s:39:"http://kss.ksyun.com/phpsdktestlijunwei";s:12:"content_type";N;s:9:"http_code";i:200;s:11:"header_size";i:204;s:12:"request_size";i:322;s:8:"filetime";i:-1;s:17:"ssl_verify_result";i:0;s:14:"redirect_count";i:0;s:10:"total_time";d:0.3269999999999999573674358543939888477325439453125;s:15:"namelookup_time";d:0;s:12:"connect_time";d:0.0309999999999999997779553950749686919152736663818359375;s:16:"pretransfer_time";d:0.0309999999999999997779553950749686919152736663818359375;s:11:"size_upload";d:0;s:13:"size_download";d:0;s:14:"speed_download";d:0;s:12:"speed_upload";d:0;s:23:"download_content_length";d:0;s:21:"upload_content_length";d:0;s:18:"starttransfer_time";d:0.3269999999999999573674358543939888477325439453125;s:13:"redirect_time";d:0;s:8:"certinfo";a:0:{}s:12:"redirect_url";s:0:"";s:6:"method";s:4:"HEAD";}}
response body->
------------------Logging End-------------------------

Mon, 23 Mar 2015 06:24:00 GMT INFO
------------------Logging Start-------------------------
method->initMultipartUpload args->a:1:{i:0;a:4:{s:6:"Bucket";s:18:"phpsdktestlijunwei";s:3:"Key";s:40:"dir/test/中文目录/@特殊字符!.txt";s:8:"UserMeta";a:1:{s:15:"x-kss-meta-test";s:4:"test";}s:10:"ObjectMeta";a:5:{s:12:"Content-Type";s:17:"binay/ocet-stream";s:13:"Cache-Control";s:8:"no-cache";s:19:"Content-Disposition";s:11:"attachment;";s:16:"Content-Encoding";s:4:"gzip";s:7:"Expires";s:29:"Mon, 23 Mar 9999 05:23:22 GMT";}}}
stringToSing->
POST

binay/ocet-stream
Mon, 23 Mar 2015 06:24:00 GMT
x-kss-meta-test:test
/phpsdktestlijunwei/dir/test/%E4%B8%AD%E6%96%87%E7%9B%AE%E5%BD%95/%40%E7%89%B9%E6%AE%8A%E5%AD%97%E7%AC%A6%21.txt?uploads
request url->s:140:"http://kss.ksyun.com/phpsdktestlijunwei/dir/test/%E4%B8%AD%E6%96%87%E7%9B%AE%E5%BD%95/%40%E7%89%B9%E6%AE%8A%E5%AD%97%E7%AC%A6%21.txt?uploads";
request headers->a:8:{s:12:"Content-Type";s:17:"binay/ocet-stream";s:13:"Cache-Control";s:8:"no-cache";s:19:"Content-Disposition";s:11:"attachment;";s:16:"Content-Encoding";s:4:"gzip";s:7:"Expires";s:29:"Mon, 23 Mar 9999 05:23:22 GMT";s:15:"x-kss-meta-test";s:4:"test";s:4:"Date";s:29:"Mon, 23 Mar 2015 06:24:00 GMT";s:13:"Authorization";s:53:"KSS 1GL02rRYQxK8s7FQh8dV:V8woI/n7ydhCorR3N9aZZ+jT1OM=";}
request body->
request read stream length->
request read stream seek position->
response code->200
response headers->a:8:{s:6:"server";s:7:"Tengine";s:4:"date";s:29:"Mon, 23 Mar 2015 06:24:00 GMT";s:12:"content-type";s:15:"application/xml";s:17:"transfer-encoding";s:7:"chunked";s:10:"connection";s:10:"keep-alive";s:21:"x-application-context";s:11:"application";s:16:"x-kss-request-id";s:32:"683e3442a3fa4f2c9445ab1bee7059b9";s:5:"_info";a:23:{s:3:"url";s:140:"http://kss.ksyun.com/phpsdktestlijunwei/dir/test/%E4%B8%AD%E6%96%87%E7%9B%AE%E5%BD%95/%40%E7%89%B9%E6%AE%8A%E5%AD%97%E7%AC%A6%21.txt?uploads";s:12:"content_type";s:15:"application/xml";s:9:"http_code";i:200;s:11:"header_size";i:244;s:12:"request_size";i:691;s:8:"filetime";i:-1;s:17:"ssl_verify_result";i:0;s:14:"redirect_count";i:0;s:10:"total_time";d:0.37399999999999999911182158029987476766109466552734375;s:15:"namelookup_time";d:0;s:12:"connect_time";d:0.061999999999999999555910790149937383830547332763671875;s:16:"pretransfer_time";d:0.061999999999999999555910790149937383830547332763671875;s:11:"size_upload";d:0;s:13:"size_download";d:305;s:14:"speed_download";d:815;s:12:"speed_upload";d:0;s:23:"download_content_length";d:-1;s:21:"upload_content_length";d:0;s:18:"starttransfer_time";d:0.37399999999999999911182158029987476766109466552734375;s:13:"redirect_time";d:0;s:8:"certinfo";a:0:{}s:12:"redirect_url";s:0:"";s:6:"method";s:4:"POST";}}
response body-><?xml version="1.0" encoding="UTF-8" standalone="yes"?><InitiateMultipartUploadResult xmlns="http://s3.amazonaws.com/doc/2006-03-01/"><Bucket>phpsdktestlijunwei</Bucket><Key>dir/test/中文目录/@特殊字符!.txt</Key><UploadId>186675cda6c94031ac2636ee9bad9f8b</UploadId></InitiateMultipartUploadResult>
------------------Logging End-------------------------

Mon, 23 Mar 2015 06:24:30 GMT INFO
------------------Logging Start-------------------------
method->uploadPart args->a:1:{i:0;a:5:{s:6:"Bucket";s:18:"phpsdktestlijunwei";s:3:"Key";s:40:"dir/test/中文目录/@特殊字符!.txt";s:7:"Options";a:2:{s:10:"partNumber";i:1;s:8:"uploadId";s:32:"186675cda6c94031ac2636ee9bad9f8b";}s:10:"ObjectMeta";a:1:{s:14:"Content-Length";i:5242880;}s:7:"Content";a:2:{s:7:"content";s:12:"D://file.rar";s:13:"seek_position";i:0;}}}
stringToSing->
PUT

application/ocet-stream
Mon, 23 Mar 2015 06:24:00 GMT
/phpsdktestlijunwei/dir/test/%E4%B8%AD%E6%96%87%E7%9B%AE%E5%BD%95/%40%E7%89%B9%E6%AE%8A%E5%AD%97%E7%AC%A6%21.txt?partNumber=1&uploadId=186675cda6c94031ac2636ee9bad9f8b
request url->s:187:"http://kss.ksyun.com/phpsdktestlijunwei/dir/test/%E4%B8%AD%E6%96%87%E7%9B%AE%E5%BD%95/%40%E7%89%B9%E6%AE%8A%E5%AD%97%E7%AC%A6%21.txt?uploadId=186675cda6c94031ac2636ee9bad9f8b&partNumber=1";
request headers->a:4:{s:12:"Content-Type";s:23:"application/ocet-stream";s:14:"Content-Length";i:5242880;s:4:"Date";s:29:"Mon, 23 Mar 2015 06:24:00 GMT";s:13:"Authorization";s:53:"KSS 1GL02rRYQxK8s7FQh8dV:9LiYuD6mONSiOboXAn+joyeIONo=";}
request body->
request read stream length->5242880
request read stream seek position->0
response code->200
response headers->a:8:{s:6:"server";s:7:"Tengine";s:4:"date";s:29:"Mon, 23 Mar 2015 06:24:30 GMT";s:14:"content-length";s:1:"0";s:10:"connection";s:10:"keep-alive";s:21:"x-application-context";s:11:"application";s:16:"x-kss-request-id";s:32:"b973e5696d494a47929cddb01f0b8185";s:4:"etag";s:34:""4f08eef4096726bff1125e1b1b734644"";s:5:"_info";a:23:{s:3:"url";s:187:"http://kss.ksyun.com/phpsdktestlijunwei/dir/test/%E4%B8%AD%E6%96%87%E7%9B%AE%E5%BD%95/%40%E7%89%B9%E6%AE%8A%E5%AD%97%E7%AC%A6%21.txt?uploadId=186675cda6c94031ac2636ee9bad9f8b&partNumber=1";s:12:"content_type";N;s:9:"http_code";i:200;s:11:"header_size";i:271;s:12:"request_size";i:672;s:8:"filetime";i:-1;s:17:"ssl_verify_result";i:0;s:14:"redirect_count";i:0;s:10:"total_time";d:29.625;s:15:"namelookup_time";d:0;s:12:"connect_time";d:0.07799999999999999988897769753748434595763683319091796875;s:16:"pretransfer_time";d:0.07799999999999999988897769753748434595763683319091796875;s:11:"size_upload";d:5242880;s:13:"size_download";d:0;s:14:"speed_download";d:0;s:12:"speed_upload";d:176974;s:23:"download_content_length";d:0;s:21:"upload_content_length";d:5242880;s:18:"starttransfer_time";d:0.375;s:13:"redirect_time";d:0;s:8:"certinfo";a:0:{}s:12:"redirect_url";s:0:"";s:6:"method";s:3:"PUT";}}
response body->
------------------Logging End-------------------------

Mon, 23 Mar 2015 06:25:06 GMT INFO
------------------Logging Start-------------------------
method->uploadPart args->a:1:{i:0;a:5:{s:6:"Bucket";s:18:"phpsdktestlijunwei";s:3:"Key";s:40:"dir/test/中文目录/@特殊字符!.txt";s:7:"Options";a:2:{s:10:"partNumber";i:2;s:8:"uploadId";s:32:"186675cda6c94031ac2636ee9bad9f8b";}s:10:"ObjectMeta";a:1:{s:14:"Content-Length";i:5242880;}s:7:"Content";a:2:{s:7:"content";s:12:"D://file.rar";s:13:"seek_position";i:5242880;}}}
stringToSing->
PUT

application/ocet-stream
Mon, 23 Mar 2015 06:24:30 GMT
/phpsdktestlijunwei/dir/test/%E4%B8%AD%E6%96%87%E7%9B%AE%E5%BD%95/%40%E7%89%B9%E6%AE%8A%E5%AD%97%E7%AC%A6%21.txt?partNumber=2&uploadId=186675cda6c94031ac2636ee9bad9f8b
request url->s:187:"http://kss.ksyun.com/phpsdktestlijunwei/dir/test/%E4%B8%AD%E6%96%87%E7%9B%AE%E5%BD%95/%40%E7%89%B9%E6%AE%8A%E5%AD%97%E7%AC%A6%21.txt?uploadId=186675cda6c94031ac2636ee9bad9f8b&partNumber=2";
request headers->a:4:{s:12:"Content-Type";s:23:"application/ocet-stream";s:14:"Content-Length";i:5242880;s:4:"Date";s:29:"Mon, 23 Mar 2015 06:24:30 GMT";s:13:"Authorization";s:53:"KSS 1GL02rRYQxK8s7FQh8dV:GCwaRVusXM4G+y4nUuSW5h+BKpQ=";}
request body->
request read stream length->5242880
request read stream seek position->5242880
response code->200
response headers->a:8:{s:6:"server";s:7:"Tengine";s:4:"date";s:29:"Mon, 23 Mar 2015 06:25:06 GMT";s:14:"content-length";s:1:"0";s:10:"connection";s:10:"keep-alive";s:21:"x-application-context";s:11:"application";s:16:"x-kss-request-id";s:32:"24f61804e821473cae971d3f1413d48b";s:4:"etag";s:34:""4f08eef4096726bff1125e1b1b734644"";s:5:"_info";a:23:{s:3:"url";s:187:"http://kss.ksyun.com/phpsdktestlijunwei/dir/test/%E4%B8%AD%E6%96%87%E7%9B%AE%E5%BD%95/%40%E7%89%B9%E6%AE%8A%E5%AD%97%E7%AC%A6%21.txt?uploadId=186675cda6c94031ac2636ee9bad9f8b&partNumber=2";s:12:"content_type";N;s:9:"http_code";i:200;s:11:"header_size";i:271;s:12:"request_size";i:672;s:8:"filetime";i:-1;s:17:"ssl_verify_result";i:0;s:14:"redirect_count";i:0;s:10:"total_time";d:35.832999999999998408384271897375583648681640625;s:15:"namelookup_time";d:0;s:12:"connect_time";d:0.07799999999999999988897769753748434595763683319091796875;s:16:"pretransfer_time";d:0.07799999999999999988897769753748434595763683319091796875;s:11:"size_upload";d:5242880;s:13:"size_download";d:0;s:14:"speed_download";d:0;s:12:"speed_upload";d:146314;s:23:"download_content_length";d:0;s:21:"upload_content_length";d:5242880;s:18:"starttransfer_time";d:0.420999999999999985345056074947933666408061981201171875;s:13:"redirect_time";d:0;s:8:"certinfo";a:0:{}s:12:"redirect_url";s:0:"";s:6:"method";s:3:"PUT";}}
response body->
------------------Logging End-------------------------

Mon, 23 Mar 2015 06:25:27 GMT INFO
------------------Logging Start-------------------------
method->uploadPart args->a:1:{i:0;a:5:{s:6:"Bucket";s:18:"phpsdktestlijunwei";s:3:"Key";s:40:"dir/test/中文目录/@特殊字符!.txt";s:7:"Options";a:2:{s:10:"partNumber";i:3;s:8:"uploadId";s:32:"186675cda6c94031ac2636ee9bad9f8b";}s:10:"ObjectMeta";a:1:{s:14:"Content-Length";i:5242880;}s:7:"Content";a:2:{s:7:"content";s:12:"D://file.rar";s:13:"seek_position";i:10485760;}}}
stringToSing->
PUT

application/ocet-stream
Mon, 23 Mar 2015 06:25:06 GMT
/phpsdktestlijunwei/dir/test/%E4%B8%AD%E6%96%87%E7%9B%AE%E5%BD%95/%40%E7%89%B9%E6%AE%8A%E5%AD%97%E7%AC%A6%21.txt?partNumber=3&uploadId=186675cda6c94031ac2636ee9bad9f8b
request url->s:187:"http://kss.ksyun.com/phpsdktestlijunwei/dir/test/%E4%B8%AD%E6%96%87%E7%9B%AE%E5%BD%95/%40%E7%89%B9%E6%AE%8A%E5%AD%97%E7%AC%A6%21.txt?uploadId=186675cda6c94031ac2636ee9bad9f8b&partNumber=3";
request headers->a:4:{s:12:"Content-Type";s:23:"application/ocet-stream";s:14:"Content-Length";i:3914240;s:4:"Date";s:29:"Mon, 23 Mar 2015 06:25:06 GMT";s:13:"Authorization";s:53:"KSS 1GL02rRYQxK8s7FQh8dV:CY2Ab50/23XzdE0rnlSzJ9MvaYg=";}
request body->
request read stream length->3914240
request read stream seek position->10485760
response code->200
response headers->a:8:{s:6:"server";s:7:"Tengine";s:4:"date";s:29:"Mon, 23 Mar 2015 06:25:26 GMT";s:14:"content-length";s:1:"0";s:10:"connection";s:10:"keep-alive";s:21:"x-application-context";s:11:"application";s:16:"x-kss-request-id";s:32:"5a1b560d254144dbbe18dc947ec47463";s:4:"etag";s:34:""430635288c392730c93a3ddf8c4f5b97"";s:5:"_info";a:23:{s:3:"url";s:187:"http://kss.ksyun.com/phpsdktestlijunwei/dir/test/%E4%B8%AD%E6%96%87%E7%9B%AE%E5%BD%95/%40%E7%89%B9%E6%AE%8A%E5%AD%97%E7%AC%A6%21.txt?uploadId=186675cda6c94031ac2636ee9bad9f8b&partNumber=3";s:12:"content_type";N;s:9:"http_code";i:200;s:11:"header_size";i:271;s:12:"request_size";i:672;s:8:"filetime";i:-1;s:17:"ssl_verify_result";i:0;s:14:"redirect_count";i:0;s:10:"total_time";d:20.8419999999999987494447850622236728668212890625;s:15:"namelookup_time";d:0;s:12:"connect_time";d:0.09399999999999997246646898929611779749393463134765625;s:16:"pretransfer_time";d:0.09399999999999997246646898929611779749393463134765625;s:11:"size_upload";d:3914240;s:13:"size_download";d:0;s:14:"speed_download";d:0;s:12:"speed_upload";d:187805;s:23:"download_content_length";d:0;s:21:"upload_content_length";d:3914240;s:18:"starttransfer_time";d:0.39000000000000001332267629550187848508358001708984375;s:13:"redirect_time";d:0;s:8:"certinfo";a:0:{}s:12:"redirect_url";s:0:"";s:6:"method";s:3:"PUT";}}
response body->
------------------Logging End-------------------------

Mon, 23 Mar 2015 06:25:27 GMT INFO
------------------Logging Start-------------------------
method->listParts args->a:1:{i:0;a:3:{s:6:"Bucket";s:18:"phpsdktestlijunwei";s:3:"Key";s:40:"dir/test/中文目录/@特殊字符!.txt";s:7:"Options";a:1:{s:8:"uploadId";s:32:"186675cda6c94031ac2636ee9bad9f8b";}}}
stringToSing->
GET

application/xml
Mon, 23 Mar 2015 06:25:27 GMT
/phpsdktestlijunwei/dir/test/%E4%B8%AD%E6%96%87%E7%9B%AE%E5%BD%95/%40%E7%89%B9%E6%AE%8A%E5%AD%97%E7%AC%A6%21.txt?uploadId=186675cda6c94031ac2636ee9bad9f8b
request url->s:174:"http://kss.ksyun.com/phpsdktestlijunwei/dir/test/%E4%B8%AD%E6%96%87%E7%9B%AE%E5%BD%95/%40%E7%89%B9%E6%AE%8A%E5%AD%97%E7%AC%A6%21.txt?uploadId=186675cda6c94031ac2636ee9bad9f8b";
request headers->a:3:{s:12:"Content-Type";s:15:"application/xml";s:4:"Date";s:29:"Mon, 23 Mar 2015 06:25:27 GMT";s:13:"Authorization";s:53:"KSS 1GL02rRYQxK8s7FQh8dV:wATgLcMEb2XnkzyOA2fONmPZvDQ=";}
request body->
request read stream length->
request read stream seek position->
response code->200
response headers->a:8:{s:6:"server";s:7:"Tengine";s:4:"date";s:29:"Mon, 23 Mar 2015 06:25:27 GMT";s:12:"content-type";s:15:"application/xml";s:17:"transfer-encoding";s:7:"chunked";s:10:"connection";s:10:"keep-alive";s:21:"x-application-context";s:11:"application";s:16:"x-kss-request-id";s:32:"617857d7a76a49aea0e75382e2b7c7de";s:5:"_info";a:23:{s:3:"url";s:174:"http://kss.ksyun.com/phpsdktestlijunwei/dir/test/%E4%B8%AD%E6%96%87%E7%9B%AE%E5%BD%95/%40%E7%89%B9%E6%AE%8A%E5%AD%97%E7%AC%A6%21.txt?uploadId=186675cda6c94031ac2636ee9bad9f8b";s:12:"content_type";s:15:"application/xml";s:9:"http_code";i:200;s:11:"header_size";i:244;s:12:"request_size";i:610;s:8:"filetime";i:-1;s:17:"ssl_verify_result";i:0;s:14:"redirect_count";i:0;s:10:"total_time";d:0.39000000000000001332267629550187848508358001708984375;s:15:"namelookup_time";d:0;s:12:"connect_time";d:0.125;s:16:"pretransfer_time";d:0.125;s:11:"size_upload";d:0;s:13:"size_download";d:1133;s:14:"speed_download";d:2905;s:12:"speed_upload";d:0;s:23:"download_content_length";d:-1;s:21:"upload_content_length";d:0;s:18:"starttransfer_time";d:0.39000000000000001332267629550187848508358001708984375;s:13:"redirect_time";d:0;s:8:"certinfo";a:0:{}s:12:"redirect_url";s:0:"";s:6:"method";s:3:"GET";}}
response body-><?xml version="1.0" encoding="UTF-8" standalone="yes"?><ns2:ListPartsResult xmlns:ns2="http://s3.amazonaws.com/doc/2006-03-01/"><ns2:Bucket>phpsdktestlijunwei</ns2:Bucket><ns2:Key>dir/test/中文目录/@特殊字符!.txt</ns2:Key><ns2:UploadId>186675cda6c94031ac2636ee9bad9f8b</ns2:UploadId><ns2:PartNumberMarker>1</ns2:PartNumberMarker><ns2:MaxParts>1000</ns2:MaxParts><ns2:Part><PartNumber>1</PartNumber><ETag>4f08eef4096726bff1125e1b1b734644</ETag><LastModified>2015-03-23T06:24:30.280Z</LastModified><Size>5242880</Size></ns2:Part><ns2:Part><PartNumber>2</PartNumber><ETag>4f08eef4096726bff1125e1b1b734644</ETag><LastModified>2015-03-23T06:25:06.154Z</LastModified><Size>5242880</Size></ns2:Part><ns2:Part><PartNumber>3</PartNumber><ETag>430635288c392730c93a3ddf8c4f5b97</ETag><LastModified>2015-03-23T06:25:26.922Z</LastModified><Size>3914240</Size></ns2:Part><ns2:IsTruncated>false</ns2:IsTruncated><ns2:Initiator><ns2:ID>NzMzOTg1Mjk=</ns2:ID><ns2:DisplayName>NzMzOTg1Mjk=</ns2:DisplayName></ns2:Initiator><ns2:Owner><ns2:ID>NzMzOTg1Mjk=</ns2:ID><ns2:DisplayName>NzMzOTg1Mjk=</ns2:DisplayName></ns2:Owner></ns2:ListPartsResult>
------------------Logging End-------------------------

Mon, 23 Mar 2015 06:25:27 GMT INFO
------------------Logging Start-------------------------
method->completeMultipartUpload args->a:1:{i:0;a:4:{s:6:"Bucket";s:18:"phpsdktestlijunwei";s:3:"Key";s:40:"dir/test/中文目录/@特殊字符!.txt";s:7:"Options";a:1:{s:8:"uploadId";s:32:"186675cda6c94031ac2636ee9bad9f8b";}s:5:"Parts";a:3:{i:0;a:4:{s:10:"PartNumber";s:1:"1";s:4:"ETag";s:32:"4f08eef4096726bff1125e1b1b734644";s:12:"LastModified";s:24:"2015-03-23T06:24:30.280Z";s:4:"Size";s:7:"5242880";}i:1;a:4:{s:10:"PartNumber";s:1:"2";s:4:"ETag";s:32:"4f08eef4096726bff1125e1b1b734644";s:12:"LastModified";s:24:"2015-03-23T06:25:06.154Z";s:4:"Size";s:7:"5242880";}i:2;a:4:{s:10:"PartNumber";s:1:"3";s:4:"ETag";s:32:"430635288c392730c93a3ddf8c4f5b97";s:12:"LastModified";s:24:"2015-03-23T06:25:26.922Z";s:4:"Size";s:7:"3914240";}}}}
stringToSing->
POST

application/xml
Mon, 23 Mar 2015 06:25:27 GMT
/phpsdktestlijunwei/dir/test/%E4%B8%AD%E6%96%87%E7%9B%AE%E5%BD%95/%40%E7%89%B9%E6%AE%8A%E5%AD%97%E7%AC%A6%21.txt?uploadId=186675cda6c94031ac2636ee9bad9f8b
request url->s:174:"http://kss.ksyun.com/phpsdktestlijunwei/dir/test/%E4%B8%AD%E6%96%87%E7%9B%AE%E5%BD%95/%40%E7%89%B9%E6%AE%8A%E5%AD%97%E7%AC%A6%21.txt?uploadId=186675cda6c94031ac2636ee9bad9f8b";
request headers->a:4:{s:12:"Content-Type";s:15:"application/xml";s:14:"Content-Length";i:326;s:4:"Date";s:29:"Mon, 23 Mar 2015 06:25:27 GMT";s:13:"Authorization";s:53:"KSS 1GL02rRYQxK8s7FQh8dV:2s8NX2VaSx0gPbiDaQJvTMflBgs=";}
request body-><?xml version="1.0"?>
<CompleteMultipartUpload><Part><PartNumber>1</PartNumber><ETag>4f08eef4096726bff1125e1b1b734644</ETag></Part><Part><PartNumber>2</PartNumber><ETag>4f08eef4096726bff1125e1b1b734644</ETag></Part><Part><PartNumber>3</PartNumber><ETag>430635288c392730c93a3ddf8c4f5b97</ETag></Part></CompleteMultipartUpload>

request read stream length->326
request read stream seek position->
response code->200
response headers->a:9:{s:6:"server";s:7:"Tengine";s:4:"date";s:29:"Mon, 23 Mar 2015 06:25:27 GMT";s:12:"content-type";s:15:"application/xml";s:17:"transfer-encoding";s:7:"chunked";s:10:"connection";s:10:"keep-alive";s:21:"x-application-context";s:11:"application";s:16:"x-kss-request-id";s:32:"d2d41500253e49d5882318df6ae0f61f";s:7:"taskid:";s:0:"";s:5:"_info";a:23:{s:3:"url";s:174:"http://kss.ksyun.com/phpsdktestlijunwei/dir/test/%E4%B8%AD%E6%96%87%E7%9B%AE%E5%BD%95/%40%E7%89%B9%E6%AE%8A%E5%AD%97%E7%AC%A6%21.txt?uploadId=186675cda6c94031ac2636ee9bad9f8b";s:12:"content_type";s:15:"application/xml";s:9:"http_code";i:200;s:11:"header_size";i:254;s:12:"request_size";i:939;s:8:"filetime";i:-1;s:17:"ssl_verify_result";i:0;s:14:"redirect_count";i:0;s:10:"total_time";d:0.37399999999999999911182158029987476766109466552734375;s:15:"namelookup_time";d:0;s:12:"connect_time";d:0.0929999999999999993338661852249060757458209991455078125;s:16:"pretransfer_time";d:0.0929999999999999993338661852249060757458209991455078125;s:11:"size_upload";d:326;s:13:"size_download";d:299;s:14:"speed_download";d:799;s:12:"speed_upload";d:871;s:23:"download_content_length";d:-1;s:21:"upload_content_length";d:326;s:18:"starttransfer_time";d:0.37399999999999999911182158029987476766109466552734375;s:13:"redirect_time";d:0;s:8:"certinfo";a:0:{}s:12:"redirect_url";s:0:"";s:6:"method";s:4:"POST";}}
response body-><?xml version="1.0" encoding="UTF-8" standalone="yes"?><CompleteMultipartUploadResult xmlns="http://s3.amazonaws.com/doc/2006-03-01/"><Bucket>phpsdktestlijunwei</Bucket><Key>dir/test/中文目录/@特殊字符!.txt</Key><ETag>"b85b1cd3fe7136ff5d9838e9320bbbe0"</ETag></CompleteMultipartUploadResult>
------------------Logging End-------------------------

Mon, 23 Mar 2015 06:25:28 GMT INFO
------------------Logging Start-------------------------
method->objectExists args->a:1:{i:0;a:2:{s:6:"Bucket";s:18:"phpsdktestlijunwei";s:3:"Key";s:40:"dir/test/中文目录/@特殊字符!.txt";}}
stringToSing->
HEAD

application/xml
Mon, 23 Mar 2015 06:25:27 GMT
/phpsdktestlijunwei/dir/test/%E4%B8%AD%E6%96%87%E7%9B%AE%E5%BD%95/%40%E7%89%B9%E6%AE%8A%E5%AD%97%E7%AC%A6%21.txt
request url->s:132:"http://kss.ksyun.com/phpsdktestlijunwei/dir/test/%E4%B8%AD%E6%96%87%E7%9B%AE%E5%BD%95/%40%E7%89%B9%E6%AE%8A%E5%AD%97%E7%AC%A6%21.txt";
request headers->a:3:{s:12:"Content-Type";s:15:"application/xml";s:4:"Date";s:29:"Mon, 23 Mar 2015 06:25:27 GMT";s:13:"Authorization";s:53:"KSS 1GL02rRYQxK8s7FQh8dV:rfGy02A+MC/5B6BX8M+5BcPXJp4=";}
request body->
request read stream length->
request read stream seek position->
response code->200
response headers->a:14:{s:6:"server";s:7:"Tengine";s:4:"date";s:29:"Mon, 23 Mar 2015 06:25:27 GMT";s:12:"content-type";s:17:"binay/ocet-stream";s:14:"content-length";s:8:"14400000";s:10:"connection";s:10:"keep-alive";s:21:"x-application-context";s:11:"application";s:16:"x-kss-request-id";s:32:"ff300be4651046e088d60df671d10c37";s:7:"expires";s:29:"Mon, 23 Mar 9999 05:23:22 GMT";s:19:"content-disposition";s:11:"attachment;";s:16:"content-encoding";s:4:"gzip";s:13:"cache-control";s:8:"no-cache";s:15:"x-kss-meta-test";s:4:"test";s:13:"last-modified";s:29:"Mon, 23 Mar 2015 06:24:00 GMT";s:5:"_info";a:23:{s:3:"url";s:132:"http://kss.ksyun.com/phpsdktestlijunwei/dir/test/%E4%B8%AD%E6%96%87%E7%9B%AE%E5%BD%95/%40%E7%89%B9%E6%AE%8A%E5%AD%97%E7%AC%A6%21.txt";s:12:"content_type";s:17:"binay/ocet-stream";s:9:"http_code";i:200;s:11:"header_size";i:436;s:12:"request_size";i:508;s:8:"filetime";i:1427091840;s:17:"ssl_verify_result";i:0;s:14:"redirect_count";i:0;s:10:"total_time";d:0.3589999999999999857891452847979962825775146484375;s:15:"namelookup_time";d:0;s:12:"connect_time";d:0.07799999999999999988897769753748434595763683319091796875;s:16:"pretransfer_time";d:0.07799999999999999988897769753748434595763683319091796875;s:11:"size_upload";d:0;s:13:"size_download";d:0;s:14:"speed_download";d:0;s:12:"speed_upload";d:0;s:23:"download_content_length";d:14400000;s:21:"upload_content_length";d:0;s:18:"starttransfer_time";d:0.3589999999999999857891452847979962825775146484375;s:13:"redirect_time";d:0;s:8:"certinfo";a:0:{}s:12:"redirect_url";s:0:"";s:6:"method";s:4:"HEAD";}}
response body->
------------------Logging End-------------------------

Mon, 23 Mar 2015 06:25:28 GMT INFO
------------------Logging Start-------------------------
method->getObjectMeta args->a:1:{i:0;a:2:{s:6:"Bucket";s:18:"phpsdktestlijunwei";s:3:"Key";s:40:"dir/test/中文目录/@特殊字符!.txt";}}
stringToSing->
HEAD

application/xml
Mon, 23 Mar 2015 06:25:28 GMT
/phpsdktestlijunwei/dir/test/%E4%B8%AD%E6%96%87%E7%9B%AE%E5%BD%95/%40%E7%89%B9%E6%AE%8A%E5%AD%97%E7%AC%A6%21.txt
request url->s:132:"http://kss.ksyun.com/phpsdktestlijunwei/dir/test/%E4%B8%AD%E6%96%87%E7%9B%AE%E5%BD%95/%40%E7%89%B9%E6%AE%8A%E5%AD%97%E7%AC%A6%21.txt";
request headers->a:3:{s:12:"Content-Type";s:15:"application/xml";s:4:"Date";s:29:"Mon, 23 Mar 2015 06:25:28 GMT";s:13:"Authorization";s:53:"KSS 1GL02rRYQxK8s7FQh8dV:gKT5RJz7Pz9h9tZar6k7Um4PsbU=";}
request body->
request read stream length->
request read stream seek position->
response code->200
response headers->a:14:{s:6:"server";s:7:"Tengine";s:4:"date";s:29:"Mon, 23 Mar 2015 06:25:28 GMT";s:12:"content-type";s:17:"binay/ocet-stream";s:14:"content-length";s:8:"14400000";s:10:"connection";s:10:"keep-alive";s:21:"x-application-context";s:11:"application";s:16:"x-kss-request-id";s:32:"73498c73e43f4c5894c91c3adfe75ea2";s:7:"expires";s:29:"Mon, 23 Mar 9999 05:23:22 GMT";s:19:"content-disposition";s:11:"attachment;";s:16:"content-encoding";s:4:"gzip";s:13:"cache-control";s:8:"no-cache";s:15:"x-kss-meta-test";s:4:"test";s:13:"last-modified";s:29:"Mon, 23 Mar 2015 06:24:00 GMT";s:5:"_info";a:23:{s:3:"url";s:132:"http://kss.ksyun.com/phpsdktestlijunwei/dir/test/%E4%B8%AD%E6%96%87%E7%9B%AE%E5%BD%95/%40%E7%89%B9%E6%AE%8A%E5%AD%97%E7%AC%A6%21.txt";s:12:"content_type";s:17:"binay/ocet-stream";s:9:"http_code";i:200;s:11:"header_size";i:436;s:12:"request_size";i:508;s:8:"filetime";i:1427091840;s:17:"ssl_verify_result";i:0;s:14:"redirect_count";i:0;s:10:"total_time";d:0.37399999999999999911182158029987476766109466552734375;s:15:"namelookup_time";d:0;s:12:"connect_time";d:0.07799999999999995825561427409411408007144927978515625;s:16:"pretransfer_time";d:0.09399999999999997246646898929611779749393463134765625;s:11:"size_upload";d:0;s:13:"size_download";d:0;s:14:"speed_download";d:0;s:12:"speed_upload";d:0;s:23:"download_content_length";d:14400000;s:21:"upload_content_length";d:0;s:18:"starttransfer_time";d:0.37399999999999999911182158029987476766109466552734375;s:13:"redirect_time";d:0;s:8:"certinfo";a:0:{}s:12:"redirect_url";s:0:"";s:6:"method";s:4:"HEAD";}}
response body->
------------------Logging End-------------------------

